[2019-06-11 05:54:28] local.DEBUG: Account Data {"data":{"activeBalloonAmounts":0,"notInBalloons":0,"balance":0,"currency":"USD","currencyMark":"$","performance7DaySymbol":"+","performance7Day":"my 7 day performance","activeBalloons":"[object] (Illuminate\\Database\\Eloquent\\Collection: [])","poppedBalloons":"[object] (Illuminate\\Database\\Eloquent\\Collection: [])"}} 
[2019-06-11 05:54:28] local.ERROR: Parse error: syntax error, unexpected end of file (View: /Users/paceme/Projects/heleum-app/resources/views/account/overview.blade.php) {"userId":14149,"email":"php.brownbag@heleum.com","exception":"[object] (ErrorException(code: 0): Parse error: syntax error, unexpected end of file (View: /Users/paceme/Projects/heleum-app/resources/views/account/overview.blade.php) at /Users/paceme/Projects/heleum-app/storage/framework/views/c44bd5218d9b40bbf96a1eacb08f3b87e6599f81.php:81, Symfony\\Component\\Debug\\Exception\\FatalThrowableError(code: 0): Parse error: syntax error, unexpected end of file at /Users/paceme/Projects/heleum-app/storage/framework/views/c44bd5218d9b40bbf96a1eacb08f3b87e6599f81.php:81)
[stacktrace]
#0 /Users/paceme/Projects/heleum-app/vendor/laravel/framework/src/Illuminate/View/Engines/PhpEngine.php(47): Illuminate\\View\\Engines\\CompilerEngine->handleViewException(Object(Symfony\\Component\\Debug\\Exception\\FatalThrowableError), 1)
#1 /Users/paceme/Projects/heleum-app/vendor/laravel/framework/src/Illuminate/View/Engines/CompilerEngine.php(59): Illuminate\\View\\Engines\\PhpEngine->evaluatePath('/Users/paceme/P...', Array)
#2 /Users/paceme/Projects/heleum-app/vendor/laravel/framework/src/Illuminate/View/View.php(137): Illuminate\\View\\Engines\\CompilerEngine->get('/Users/paceme/P...', Array)
#3 /Users/paceme/Projects/heleum-app/vendor/laravel/framework/src/Illuminate/View/View.php(120): Illuminate\\View\\View->getContents()
#4 /Users/paceme/Projects/heleum-app/vendor/laravel/framework/src/Illuminate/View/View.php(85): Illuminate\\View\\View->renderContents()
#5 /Users/paceme/Projects/heleum-app/vendor/laravel/framework/src/Illuminate/Http/Response.php(39): Illuminate\\View\\View->render()
#6 /Users/paceme/Projects/heleum-app/vendor/symfony/http-foundation/Response.php(201): Illuminate\\Http\\Response->setContent(Object(Illuminate\\View\\View))
#7 /Users/paceme/Projects/heleum-app/vendor/laravel/framework/src/Illuminate/Routing/Router.php(711): Symfony\\Component\\HttpFoundation\\Response->__construct(Object(Illuminate\\View\\View))
#8 /Users/paceme/Projects/heleum-app/vendor/laravel/framework/src/Illuminate/Routing/Router.php(685): Illuminate\\Routing\\Router::toResponse(Object(Illuminate\\Http\\Request), Object(Illuminate\\View\\View))
#9 /Users/paceme/Projects/heleum-app/vendor/laravel/framework/src/Illuminate/Routing/Router.php(645): Illuminate\\Routing\\Router->prepareResponse(Object(Illuminate\\Http\\Request), Object(Illuminate\\View\\View))
#10 /Users/paceme/Projects/heleum-app/vendor/laravel/framework/src/Illuminate/Routing/Pipeline.php(30): Illuminate\\Routing\\Router->Illuminate\\Routing\\{closure}(Object(Illuminate\\Http\\Request))
#11 /Users/paceme/Projects/heleum-app/app/Http/Middleware/RedirectIfInvalidBaseCurrency.php(26): Illuminate\\Routing\\Pipeline->Illuminate\\Routing\\{closure}(Object(Illuminate\\Http\\Request))
#12 /Users/paceme/Projects/heleum-app/vendor/laravel/framework/src/Illuminate/Pipeline/Pipeline.php(149): App\\Http\\Middleware\\RedirectIfInvalidBaseCurrency->handle(Object(Illuminate\\Http\\Request), Object(Closure))
#13 /Users/paceme/Projects/heleum-app/vendor/laravel/framework/src/Illuminate/Routing/Pipeline.php(53): Illuminate\\Pipeline\\Pipeline->Illuminate\\Pipeline\\{closure}(Object(Illuminate\\Http\\Request))
#14 /Users/paceme/Projects/heleum-app/app/Http/Middleware/RedirectIfNewYorker.php(23): Illuminate\\Routing\\Pipeline->Illuminate\\Routing\\{closure}(Object(Illuminate\\Http\\Request))
#15 /Users/paceme/Projects/heleum-app/vendor/laravel/framework/src/Illuminate/Pipeline/Pipeline.php(149): App\\Http\\Middleware\\RedirectIfNewYorker->handle(Object(Illuminate\\Http\\Request), Object(Closure))
#16 /Users/paceme/Projects/heleum-app/vendor/laravel/framework/src/Illuminate/Routing/Pipeline.php(53): Illuminate\\Pipeline\\Pipeline->Illuminate\\Pipeline\\{closure}(Object(Illuminate\\Http\\Request))
#17 /Users/paceme/Projects/heleum-app/vendor/laravel/framework/src/Illuminate/Routing/Middleware/SubstituteBindings.php(41): Illuminate\\Routing\\Pipeline->Illuminate\\Routing\\{closure}(Object(Illuminate\\Http\\Request))
#18 /Users/paceme/Projects/heleum-app/vendor/laravel/framework/src/Illuminate/Pipeline/Pipeline.php(149): Illuminate\\Routing\\Middleware\\SubstituteBindings->handle(Object(Illuminate\\Http\\Request), Object(Closure))
#19 /Users/paceme/Projects/heleum-app/vendor/laravel/framework/src/Illuminate/Routing/Pipeline.php(53): Illuminate\\Pipeline\\Pipeline->Illuminate\\Pipeline\\{closure}(Object(Illuminate\\Http\\Request))
#20 /Users/paceme/Projects/heleum-app/vendor/laravel/framework/src/Illuminate/Auth/Middleware/Authenticate.php(43): Illuminate\\Routing\\Pipeline->Illuminate\\Routing\\{closure}(Object(Illuminate\\Http\\Request))
#21 /Users/paceme/Projects/heleum-app/vendor/laravel/framework/src/Illuminate/Pipeline/Pipeline.php(149): Illuminate\\Auth\\Middleware\\Authenticate->handle(Object(Illuminate\\Http\\Request), Object(Closure))
#22 /Users/paceme/Projects/heleum-app/vendor/laravel/framework/src/Illuminate/Routing/Pipeline.php(53): Illuminate\\Pipeline\\Pipeline->Illuminate\\Pipeline\\{closure}(Object(Illuminate\\Http\\Request))
#23 /Users/paceme/Projects/heleum-app/vendor/laravel/framework/src/Illuminate/Foundation/Http/Middleware/VerifyCsrfToken.php(67): Illuminate\\Routing\\Pipeline->Illuminate\\Routing\\{closure}(Object(Illuminate\\Http\\Request))
#24 /Users/paceme/Projects/heleum-app/vendor/laravel/framework/src/Illuminate/Pipeline/Pipeline.php(149): Illuminate\\Foundation\\Http\\Middleware\\VerifyCsrfToken->handle(Object(Illuminate\\Http\\Request), Object(Closure))
#25 /Users/paceme/Projects/heleum-app/vendor/laravel/framework/src/Illuminate/Routing/Pipeline.php(53): Illuminate\\Pipeline\\Pipeline->Illuminate\\Pipeline\\{closure}(Object(Illuminate\\Http\\Request))
#26 /Users/paceme/Projects/heleum-app/vendor/laravel/framework/src/Illuminate/View/Middleware/ShareErrorsFromSession.php(49): Illuminate\\Routing\\Pipeline->Illuminate\\Routing\\{closure}(Object(Illuminate\\Http\\Request))
#27 /Users/paceme/Projects/heleum-app/vendor/laravel/framework/src/Illuminate/Pipeline/Pipeline.php(149): Illuminate\\View\\Middleware\\ShareErrorsFromSession->handle(Object(Illuminate\\Http\\Request), Object(Closure))
#28 /Users/paceme/Projects/heleum-app/vendor/laravel/framework/src/Illuminate/Routing/Pipeline.php(53): Illuminate\\Pipeline\\Pipeline->Illuminate\\Pipeline\\{closure}(Object(Illuminate\\Http\\Request))
#29 /Users/paceme/Projects/heleum-app/vendor/laravel/framework/src/Illuminate/Session/Middleware/StartSession.php(63): Illuminate\\Routing\\Pipeline->Illuminate\\Routing\\{closure}(Object(Illuminate\\Http\\Request))
#30 /Users/paceme/Projects/heleum-app/vendor/laravel/framework/src/Illuminate/Pipeline/Pipeline.php(149): Illuminate\\Session\\Middleware\\StartSession->handle(Object(Illuminate\\Http\\Request), Object(Closure))
#31 /Users/paceme/Projects/heleum-app/vendor/laravel/framework/src/Illuminate/Routing/Pipeline.php(53): Illuminate\\Pipeline\\Pipeline->Illuminate\\Pipeline\\{closure}(Object(Illuminate\\Http\\Request))
#32 /Users/paceme/Projects/heleum-app/vendor/laravel/framework/src/Illuminate/Cookie/Middleware/AddQueuedCookiesToResponse.php(37): Illuminate\\Routing\\Pipeline->Illuminate\\Routing\\{closure}(Object(Illuminate\\Http\\Request))
#33 /Users/paceme/Projects/heleum-app/vendor/laravel/framework/src/Illuminate/Pipeline/Pipeline.php(149): Illuminate\\Cookie\\Middleware\\AddQueuedCookiesToResponse->handle(Object(Illuminate\\Http\\Request), Object(Closure))
#34 /Users/paceme/Projects/heleum-app/vendor/laravel/framework/src/Illuminate/Routing/Pipeline.php(53): Illuminate\\Pipeline\\Pipeline->Illuminate\\Pipeline\\{closure}(Object(Illuminate\\Http\\Request))
#35 /Users/paceme/Projects/heleum-app/vendor/laravel/framework/src/Illuminate/Cookie/Middleware/EncryptCookies.php(59): Illuminate\\Routing\\Pipeline->Illuminate\\Routing\\{closure}(Object(Illuminate\\Http\\Request))
#36 /Users/paceme/Projects/heleum-app/vendor/laravel/framework/src/Illuminate/Pipeline/Pipeline.php(149): Illuminate\\Cookie\\Middleware\\EncryptCookies->handle(Object(Illuminate\\Http\\Request), Object(Closure))
#37 /Users/paceme/Projects/heleum-app/vendor/laravel/framework/src/Illuminate/Routing/Pipeline.php(53): Illuminate\\Pipeline\\Pipeline->Illuminate\\Pipeline\\{closure}(Object(Illuminate\\Http\\Request))
#38 /Users/paceme/Projects/heleum-app/vendor/laravel/framework/src/Illuminate/Pipeline/Pipeline.php(102): Illuminate\\Routing\\Pipeline->Illuminate\\Routing\\{closure}(Object(Illuminate\\Http\\Request))
#39 /Users/paceme/Projects/heleum-app/vendor/laravel/framework/src/Illuminate/Routing/Router.php(647): Illuminate\\Pipeline\\Pipeline->then(Object(Closure))
#40 /Users/paceme/Projects/heleum-app/vendor/laravel/framework/src/Illuminate/Routing/Router.php(622): Illuminate\\Routing\\Router->runRouteWithinStack(Object(Illuminate\\Routing\\Route), Object(Illuminate\\Http\\Request))
#41 /Users/paceme/Projects/heleum-app/vendor/laravel/framework/src/Illuminate/Routing/Router.php(588): Illuminate\\Routing\\Router->runRoute(Object(Illuminate\\Http\\Request), Object(Illuminate\\Routing\\Route))
#42 /Users/paceme/Projects/heleum-app/vendor/laravel/framework/src/Illuminate/Routing/Router.php(577): Illuminate\\Routing\\Router->dispatchToRoute(Object(Illuminate\\Http\\Request))
#43 /Users/paceme/Projects/heleum-app/vendor/laravel/framework/src/Illuminate/Foundation/Http/Kernel.php(176): Illuminate\\Routing\\Router->dispatch(Object(Illuminate\\Http\\Request))
#44 /Users/paceme/Projects/heleum-app/vendor/laravel/framework/src/Illuminate/Routing/Pipeline.php(30): Illuminate\\Foundation\\Http\\Kernel->Illuminate\\Foundation\\Http\\{closure}(Object(Illuminate\\Http\\Request))
#45 /Users/paceme/Projects/heleum-app/vendor/fideloper/proxy/src/TrustProxies.php(56): Illuminate\\Routing\\Pipeline->Illuminate\\Routing\\{closure}(Object(Illuminate\\Http\\Request))
#46 /Users/paceme/Projects/heleum-app/vendor/laravel/framework/src/Illuminate/Pipeline/Pipeline.php(149): Fideloper\\Proxy\\TrustProxies->handle(Object(Illuminate\\Http\\Request), Object(Closure))
#47 /Users/paceme/Projects/heleum-app/vendor/laravel/framework/src/Illuminate/Routing/Pipeline.php(53): Illuminate\\Pipeline\\Pipeline->Illuminate\\Pipeline\\{closure}(Object(Illuminate\\Http\\Request))
#48 /Users/paceme/Projects/heleum-app/vendor/laravel/framework/src/Illuminate/Foundation/Http/Middleware/TransformsRequest.php(30): Illuminate\\Routing\\Pipeline->Illuminate\\Routing\\{closure}(Object(Illuminate\\Http\\Request))
#49 /Users/paceme/Projects/heleum-app/vendor/laravel/framework/src/Illuminate/Pipeline/Pipeline.php(149): Illuminate\\Foundation\\Http\\Middleware\\TransformsRequest->handle(Object(Illuminate\\Http\\Request), Object(Closure))
#50 /Users/paceme/Projects/heleum-app/vendor/laravel/framework/src/Illuminate/Routing/Pipeline.php(53): Illuminate\\Pipeline\\Pipeline->Illuminate\\Pipeline\\{closure}(Object(Illuminate\\Http\\Request))
#51 /Users/paceme/Projects/heleum-app/vendor/laravel/framework/src/Illuminate/Foundation/Http/Middleware/TransformsRequest.php(30): Illuminate\\Routing\\Pipeline->Illuminate\\Routing\\{closure}(Object(Illuminate\\Http\\Request))
#52 /Users/paceme/Projects/heleum-app/vendor/laravel/framework/src/Illuminate/Pipeline/Pipeline.php(149): Illuminate\\Foundation\\Http\\Middleware\\TransformsRequest->handle(Object(Illuminate\\Http\\Request), Object(Closure))
#53 /Users/paceme/Projects/heleum-app/vendor/laravel/framework/src/Illuminate/Routing/Pipeline.php(53): Illuminate\\Pipeline\\Pipeline->Illuminate\\Pipeline\\{closure}(Object(Illuminate\\Http\\Request))
#54 /Users/paceme/Projects/heleum-app/vendor/laravel/framework/src/Illuminate/Foundation/Http/Middleware/ValidatePostSize.php(27): Illuminate\\Routing\\Pipeline->Illuminate\\Routing\\{closure}(Object(Illuminate\\Http\\Request))
#55 /Users/paceme/Projects/heleum-app/vendor/laravel/framework/src/Illuminate/Pipeline/Pipeline.php(149): Illuminate\\Foundation\\Http\\Middleware\\ValidatePostSize->handle(Object(Illuminate\\Http\\Request), Object(Closure))
#56 /Users/paceme/Projects/heleum-app/vendor/laravel/framework/src/Illuminate/Routing/Pipeline.php(53): Illuminate\\Pipeline\\Pipeline->Illuminate\\Pipeline\\{closure}(Object(Illuminate\\Http\\Request))
#57 /Users/paceme/Projects/heleum-app/vendor/laravel/framework/src/Illuminate/Foundation/Http/Middleware/CheckForMaintenanceMode.php(46): Illuminate\\Routing\\Pipeline->Illuminate\\Routing\\{closure}(Object(Illuminate\\Http\\Request))
#58 /Users/paceme/Projects/heleum-app/vendor/laravel/framework/src/Illuminate/Pipeline/Pipeline.php(149): Illuminate\\Foundation\\Http\\Middleware\\CheckForMaintenanceMode->handle(Object(Illuminate\\Http\\Request), Object(Closure))
#59 /Users/paceme/Projects/heleum-app/vendor/laravel/framework/src/Illuminate/Routing/Pipeline.php(53): Illuminate\\Pipeline\\Pipeline->Illuminate\\Pipeline\\{closure}(Object(Illuminate\\Http\\Request))
#60 /Users/paceme/Projects/heleum-app/vendor/laravel/framework/src/Illuminate/Pipeline/Pipeline.php(102): Illuminate\\Routing\\Pipeline->Illuminate\\Routing\\{closure}(Object(Illuminate\\Http\\Request))
#61 /Users/paceme/Projects/heleum-app/vendor/laravel/framework/src/Illuminate/Foundation/Http/Kernel.php(151): Illuminate\\Pipeline\\Pipeline->then(Object(Closure))
#62 /Users/paceme/Projects/heleum-app/vendor/laravel/framework/src/Illuminate/Foundation/Http/Kernel.php(116): Illuminate\\Foundation\\Http\\Kernel->sendRequestThroughRouter(Object(Illuminate\\Http\\Request))
#63 /Users/paceme/Projects/heleum-app/public/index.php(55): Illuminate\\Foundation\\Http\\Kernel->handle(Object(Illuminate\\Http\\Request))
#64 /Users/paceme/Projects/heleum-app/server.php(21): require_once('/Users/paceme/P...')
#65 {main}
"} 
[2019-06-11 05:55:01] local.DEBUG: Account Data {"data":{"activeBalloonAmounts":0,"notInBalloons":0,"balance":0,"currency":"USD","currencyMark":"$","performance7DaySymbol":"+","performance7Day":"my 7 day performance","activeBalloons":"[object] (Illuminate\\Database\\Eloquent\\Collection: [])","poppedBalloons":"[object] (Illuminate\\Database\\Eloquent\\Collection: [])"}} 
[2019-06-11 05:55:28] local.DEBUG: Account Data {"data":{"activeBalloonAmounts":0,"notInBalloons":1.75,"balance":1.75,"currency":"USD","currencyMark":"$","performance7DaySymbol":"+","performance7Day":"my 7 day performance","activeBalloons":"[object] (Illuminate\\Database\\Eloquent\\Collection: [])","poppedBalloons":"[object] (Illuminate\\Database\\Eloquent\\Collection: [{\"balloon_id\":57910,\"heleum_user\":3,\"launch_currency\":\"USD\",\"launch_amount\":\"3.05\",\"primed_timestamp\":\"2019-01-02 23:24:40\",\"total_fees_in_base_currency\":\"0.151307676289306815561190\",\"number_moves\":11,\"active\":false,\"user_balloon_id\":14,\"nullified\":false,\"busy\":false,\"last_busy_timestamp\":\"2019-01-20 17:05:36\"},{\"balloon_id\":16647,\"heleum_user\":3,\"launch_currency\":\"USD\",\"launch_amount\":\"5.24\",\"primed_timestamp\":\"2017-12-21 05:00:00\",\"total_fees_in_base_currency\":\"0.836176941282434656319030\",\"number_moves\":30,\"active\":false,\"user_balloon_id\":13,\"nullified\":false,\"busy\":false,\"last_busy_timestamp\":\"2018-12-18 15:49:48\"},{\"balloon_id\":15536,\"heleum_user\":3,\"launch_currency\":\"USD\",\"launch_amount\":\"5.23\",\"primed_timestamp\":\"2017-12-19 04:53:51\",\"total_fees_in_base_currency\":\"0.353304363406471886641460\",\"number_moves\":23,\"active\":false,\"user_balloon_id\":12,\"nullified\":false,\"busy\":false,\"last_busy_timestamp\":\"2018-12-28 19:22:24\"},{\"balloon_id\":12957,\"heleum_user\":3,\"launch_currency\":\"USD\",\"launch_amount\":\"8.92\",\"primed_timestamp\":\"2017-12-13 01:28:01\",\"total_fees_in_base_currency\":\"0.79904308237830\",\"number_moves\":6,\"active\":false,\"user_balloon_id\":11,\"nullified\":false,\"busy\":false,\"last_busy_timestamp\":null},{\"balloon_id\":7501,\"heleum_user\":3,\"launch_currency\":\"USD\",\"launch_amount\":\"6.15\",\"primed_timestamp\":\"2017-11-29 13:21:01\",\"total_fees_in_base_currency\":\"1.365640988185564532492500\",\"number_moves\":32,\"active\":false,\"user_balloon_id\":10,\"nullified\":false,\"busy\":false,\"last_busy_timestamp\":\"2018-12-18 09:17:03\"},{\"balloon_id\":6022,\"heleum_user\":3,\"launch_currency\":\"USD\",\"launch_amount\":\"5.66\",\"primed_timestamp\":\"2017-11-25 12:55:06\",\"total_fees_in_base_currency\":\"0.33249018369452437002160\",\"number_moves\":4,\"active\":false,\"user_balloon_id\":9,\"nullified\":false,\"busy\":false,\"last_busy_timestamp\":null},{\"balloon_id\":5609,\"heleum_user\":3,\"launch_currency\":\"USD\",\"launch_amount\":\"5.88\",\"primed_timestamp\":\"2017-11-23 10:32:45\",\"total_fees_in_base_currency\":\"1.250485104724782095428560\",\"number_moves\":13,\"active\":false,\"user_balloon_id\":8,\"nullified\":false,\"busy\":false,\"last_busy_timestamp\":null},{\"balloon_id\":4875,\"heleum_user\":3,\"launch_currency\":\"USD\",\"launch_amount\":\"5.49\",\"primed_timestamp\":\"2017-11-18 23:40:01\",\"total_fees_in_base_currency\":\"2.091892603340865011687439035\",\"number_moves\":39,\"active\":false,\"user_balloon_id\":7,\"nullified\":false,\"busy\":false,\"last_busy_timestamp\":\"2018-12-17 21:24:55\"},{\"balloon_id\":4576,\"heleum_user\":3,\"launch_currency\":\"USD\",\"launch_amount\":\"5.49\",\"primed_timestamp\":\"2017-11-16 23:33:39\",\"total_fees_in_base_currency\":\"0.166860\",\"number_moves\":2,\"active\":false,\"user_balloon_id\":6,\"nullified\":false,\"busy\":false,\"last_busy_timestamp\":null},{\"balloon_id\":4326,\"heleum_user\":3,\"launch_currency\":\"USD\",\"launch_amount\":\"5.40\",\"primed_timestamp\":\"2017-11-16 22:37:38\",\"total_fees_in_base_currency\":\"0.155600\",\"number_moves\":2,\"active\":false,\"user_balloon_id\":5,\"nullified\":false,\"busy\":false,\"last_busy_timestamp\":null},{\"balloon_id\":4119,\"heleum_user\":3,\"launch_currency\":\"USD\",\"launch_amount\":\"5.00\",\"primed_timestamp\":\"2017-11-14 15:30:02\",\"total_fees_in_base_currency\":\"0.2960930105997842703495658354\",\"number_moves\":4,\"active\":false,\"user_balloon_id\":4,\"nullified\":false,\"busy\":false,\"last_busy_timestamp\":null},{\"balloon_id\":3998,\"heleum_user\":3,\"launch_currency\":\"USD\",\"launch_amount\":\"5.00\",\"primed_timestamp\":\"2017-11-12 05:10:02\",\"total_fees_in_base_currency\":\"0.6894621973078588260312507884\",\"number_moves\":9,\"active\":false,\"user_balloon_id\":3,\"nullified\":false,\"busy\":false,\"last_busy_timestamp\":null},{\"balloon_id\":3872,\"heleum_user\":3,\"launch_currency\":\"USD\",\"launch_amount\":\"5.00\",\"primed_timestamp\":\"2017-11-10 05:10:00\",\"total_fees_in_base_currency\":\"0.3028998851877762020404165524\",\"number_moves\":4,\"active\":false,\"user_balloon_id\":2,\"nullified\":false,\"busy\":false,\"last_busy_timestamp\":null},{\"balloon_id\":3743,\"heleum_user\":3,\"launch_currency\":\"USD\",\"launch_amount\":\"5.00\",\"primed_timestamp\":\"2017-11-08 05:00:01\",\"total_fees_in_base_currency\":\"2.893228597915431033089824882\",\"number_moves\":52,\"active\":false,\"user_balloon_id\":1,\"nullified\":false,\"busy\":false,\"last_busy_timestamp\":\"2018-12-29 23:44:23\"}])"}} 
[2019-06-11 05:55:43] local.DEBUG: Account Data {"data":{"activeBalloonAmounts":0,"notInBalloons":0,"balance":0,"currency":"USD","currencyMark":"$","performance7DaySymbol":"+","performance7Day":"my 7 day performance","activeBalloons":"[object] (Illuminate\\Database\\Eloquent\\Collection: [])","poppedBalloons":"[object] (Illuminate\\Database\\Eloquent\\Collection: [])"}} 
[2019-06-11 05:55:57] local.DEBUG: Account Data {"data":{"activeBalloonAmounts":0,"notInBalloons":0,"balance":0,"currency":"USD","currencyMark":"$","performance7DaySymbol":"+","performance7Day":"my 7 day performance","activeBalloons":"[object] (Illuminate\\Database\\Eloquent\\Collection: [])","poppedBalloons":"[object] (Illuminate\\Database\\Eloquent\\Collection: [])"}} 
[2019-06-11 05:57:43] local.DEBUG: Account Data {"data":{"activeBalloonAmounts":0,"notInBalloons":0,"balance":0,"currency":"USD","currencyMark":"$","performance7DaySymbol":"+","performance7Day":"my 7 day performance","activeBalloons":"[object] (Illuminate\\Database\\Eloquent\\Collection: [])","poppedBalloons":"[object] (Illuminate\\Database\\Eloquent\\Collection: [])"}} 
[2019-06-11 05:57:52] local.DEBUG: Account Data {"data":{"activeBalloonAmounts":0,"notInBalloons":0,"balance":0,"currency":"USD","currencyMark":"$","performance7DaySymbol":"+","performance7Day":"my 7 day performance","activeBalloons":"[object] (Illuminate\\Database\\Eloquent\\Collection: [])","poppedBalloons":"[object] (Illuminate\\Database\\Eloquent\\Collection: [])"}} 
[2019-06-11 05:58:03] local.DEBUG: Account Data {"data":{"activeBalloonAmounts":0,"notInBalloons":0,"balance":0,"currency":"USD","currencyMark":"$","performance7DaySymbol":"+","performance7Day":"my 7 day performance","activeBalloons":"[object] (Illuminate\\Database\\Eloquent\\Collection: [])","poppedBalloons":"[object] (Illuminate\\Database\\Eloquent\\Collection: [])"}} 
[2019-06-11 05:58:36] local.DEBUG: Account Data {"data":{"activeBalloonAmounts":0,"notInBalloons":0,"balance":0,"currency":"USD","currencyMark":"$","performance7DaySymbol":"+","performance7Day":"my 7 day performance","activeBalloons":"[object] (Illuminate\\Database\\Eloquent\\Collection: [])","poppedBalloons":"[object] (Illuminate\\Database\\Eloquent\\Collection: [])"}} 
[2019-06-11 06:09:02] local.DEBUG: Account Data {"data":{"activeBalloonAmounts":0,"notInBalloons":0,"balance":0,"currency":"USD","currencyMark":"$","performance7DaySymbol":"+","performance7Day":"my 7 day performance","activeBalloons":"[object] (Illuminate\\Database\\Eloquent\\Collection: [])","poppedBalloons":"[object] (Illuminate\\Database\\Eloquent\\Collection: [])"}} 
[2019-06-11 06:09:55] local.DEBUG: Account Data {"data":{"activeBalloonAmounts":0,"notInBalloons":0,"balance":0,"currency":"USD","currencyMark":"$","performance7DaySymbol":"+","performance7Day":"my 7 day performance","activeBalloons":"[object] (Illuminate\\Database\\Eloquent\\Collection: [])","poppedBalloons":"[object] (Illuminate\\Database\\Eloquent\\Collection: [])"}} 
[2019-06-11 06:13:13] local.DEBUG: Account Data {"data":{"activeBalloonAmounts":0,"notInBalloons":0,"balance":0,"currency":"USD","currencyMark":"$","performance7DaySymbol":"+","performance7Day":"my 7 day performance","activeBalloons":"[object] (Illuminate\\Database\\Eloquent\\Collection: [])","poppedBalloons":"[object] (Illuminate\\Database\\Eloquent\\Collection: [])"}} 
[2019-06-11 06:20:03] local.DEBUG: Account Data {"data":{"activeBalloonAmounts":0,"notInBalloons":0,"balance":0,"currency":"USD","currencyMark":"$","performance7DaySymbol":"+","performance7Day":"my 7 day performance","activeBalloons":"[object] (Illuminate\\Database\\Eloquent\\Collection: [])","poppedBalloons":"[object] (Illuminate\\Database\\Eloquent\\Collection: [])"}} 
[2019-06-11 06:37:07] local.DEBUG: Account Data {"data":{"activeBalloonAmounts":0,"notInBalloons":0,"balance":0,"currency":"USD","currencyMark":"$","performance7DaySymbol":"+","performance7Day":"my 7 day performance","activeBalloons":"[object] (Illuminate\\Database\\Eloquent\\Collection: [])","poppedBalloons":"[object] (Illuminate\\Database\\Eloquent\\Collection: [])"}} 
[2019-06-11 07:15:56] local.DEBUG: Account Data {"data":{"activeBalloonAmounts":0,"notInBalloons":0,"balance":0,"currency":"USD","currencyMark":"$","performance7DaySymbol":"+","performance7Day":"my 7 day performance","activeBalloons":"[object] (Illuminate\\Database\\Eloquent\\Collection: [])","poppedBalloons":"[object] (Illuminate\\Database\\Eloquent\\Collection: [])"}} 
[2019-06-11 17:47:00] local.DEBUG: Account Data {"data":{"activeBalloonAmounts":0,"notInBalloons":0,"balance":0,"currency":"USD","currencyMark":"$","performance7DaySymbol":"+","performance7Day":"my 7 day performance","activeBalloons":"[object] (Illuminate\\Database\\Eloquent\\Collection: [])","poppedBalloons":"[object] (Illuminate\\Database\\Eloquent\\Collection: [])"}} 
[2019-06-11 18:36:00] local.DEBUG: Account Data {"data":{"activeBalloonAmounts":0,"notInBalloons":0,"balance":0,"currency":"USD","currencyMark":"$","performance7DaySymbol":"+","performance7Day":"my 7 day performance","activeBalloons":"[object] (Illuminate\\Database\\Eloquent\\Collection: [])","poppedBalloons":"[object] (Illuminate\\Database\\Eloquent\\Collection: [])"}} 
[2019-06-11 18:36:25] local.DEBUG: Account Data {"data":{"activeBalloonAmounts":0,"notInBalloons":0,"balance":0,"currency":"USD","currencyMark":"$","performance7DaySymbol":"+","performance7Day":"my 7 day performance","activeBalloons":"[object] (Illuminate\\Database\\Eloquent\\Collection: [])","poppedBalloons":"[object] (Illuminate\\Database\\Eloquent\\Collection: [])"}} 
[2019-06-11 18:37:32] local.DEBUG: Account Data {"data":{"activeBalloonAmounts":0,"notInBalloons":0,"balance":0,"currency":"USD","currencyMark":"$","performance7DaySymbol":"+","performance7Day":"my 7 day performance","activeBalloons":"[object] (Illuminate\\Database\\Eloquent\\Collection: [])","poppedBalloons":"[object] (Illuminate\\Database\\Eloquent\\Collection: [])"}} 
