[2019-03-01 20:54:29] local.ERROR: SQLSTATE[08006] [7] could not connect to server: Connection refused
	Is the server running on host "localhost" (::1) and accepting
	TCP/IP connections on port 5432?
could not connect to server: Connection refused
	Is the server running on host "localhost" (127.0.0.1) and accepting
	TCP/IP connections on port 5432? {"exception":"[object] (PDOException(code: 7): SQLSTATE[08006] [7] could not connect to server: Connection refused
\tIs the server running on host \"localhost\" (::1) and accepting
\tTCP/IP connections on port 5432?
could not connect to server: Connection refused
\tIs the server running on host \"localhost\" (127.0.0.1) and accepting
\tTCP/IP connections on port 5432? at /Users/paceme/Projects/heleum-app/vendor/laravel/framework/src/Illuminate/Database/Connectors/Connector.php:67)
[stacktrace]
#0 /Users/paceme/Projects/heleum-app/vendor/laravel/framework/src/Illuminate/Database/Connectors/Connector.php(67): PDO->__construct('pgsql:host=loca...', 'heleum', 'T7rtleB0b', Array)
#1 /Users/paceme/Projects/heleum-app/vendor/laravel/framework/src/Illuminate/Database/Connectors/Connector.php(43): Illuminate\\Database\\Connectors\\Connector->createPdoConnection('pgsql:host=loca...', 'heleum', 'T7rtleB0b', Array)
#2 /Users/paceme/Projects/heleum-app/vendor/laravel/framework/src/Illuminate/Database/Connectors/PostgresConnector.php(33): Illuminate\\Database\\Connectors\\Connector->createConnection('pgsql:host=loca...', Array, Array)
#3 /Users/paceme/Projects/heleum-app/vendor/laravel/framework/src/Illuminate/Database/Connectors/ConnectionFactory.php(183): Illuminate\\Database\\Connectors\\PostgresConnector->connect(Array)
#4 [internal function]: Illuminate\\Database\\Connectors\\ConnectionFactory->Illuminate\\Database\\Connectors\\{closure}()
#5 /Users/paceme/Projects/heleum-app/vendor/laravel/framework/src/Illuminate/Database/Connection.php(915): call_user_func(Object(Closure))
#6 /Users/paceme/Projects/heleum-app/vendor/laravel/framework/src/Illuminate/Database/Connection.php(940): Illuminate\\Database\\Connection->getPdo()
#7 /Users/paceme/Projects/heleum-app/vendor/laravel/framework/src/Illuminate/Database/Connection.php(399): Illuminate\\Database\\Connection->getReadPdo()
#8 /Users/paceme/Projects/heleum-app/vendor/laravel/framework/src/Illuminate/Database/Connection.php(325): Illuminate\\Database\\Connection->getPdoForSelect(true)
#9 /Users/paceme/Projects/heleum-app/vendor/laravel/framework/src/Illuminate/Database/Connection.php(657): Illuminate\\Database\\Connection->Illuminate\\Database\\{closure}('select * from \"...', Array)
#10 /Users/paceme/Projects/heleum-app/vendor/laravel/framework/src/Illuminate/Database/Connection.php(624): Illuminate\\Database\\Connection->runQueryCallback('select * from \"...', Array, Object(Closure))
#11 /Users/paceme/Projects/heleum-app/vendor/laravel/framework/src/Illuminate/Database/Connection.php(333): Illuminate\\Database\\Connection->run('select * from \"...', Array, Object(Closure))
#12 /Users/paceme/Projects/heleum-app/vendor/laravel/framework/src/Illuminate/Database/Query/Builder.php(1705): Illuminate\\Database\\Connection->select('select * from \"...', Array, true)
#13 /Users/paceme/Projects/heleum-app/vendor/laravel/framework/src/Illuminate/Database/Query/Builder.php(1690): Illuminate\\Database\\Query\\Builder->runSelect()
#14 /Users/paceme/Projects/heleum-app/vendor/laravel/framework/src/Illuminate/Database/Eloquent/Builder.php(479): Illuminate\\Database\\Query\\Builder->get(Array)
#15 /Users/paceme/Projects/heleum-app/vendor/laravel/framework/src/Illuminate/Database/Eloquent/Builder.php(463): Illuminate\\Database\\Eloquent\\Builder->getModels(Array)
#16 /Users/paceme/Projects/heleum-app/vendor/laravel/framework/src/Illuminate/Database/Concerns/BuildsQueries.php(77): Illuminate\\Database\\Eloquent\\Builder->get(Array)
#17 /Users/paceme/Projects/heleum-app/vendor/laravel/framework/src/Illuminate/Database/Eloquent/Builder.php(289): Illuminate\\Database\\Eloquent\\Builder->first(Array)
#18 /Users/paceme/Projects/heleum-app/vendor/laravel/framework/src/Illuminate/Database/Eloquent/Model.php(1417): Illuminate\\Database\\Eloquent\\Builder->find('1134')
#19 /Users/paceme/Projects/heleum-app/vendor/laravel/framework/src/Illuminate/Database/Eloquent/Model.php(1434): Illuminate\\Database\\Eloquent\\Model->__call('find', Array)
#20 /Users/paceme/Projects/heleum-app/routes/web.php(171): Illuminate\\Database\\Eloquent\\Model::__callStatic('find', Array)
#21 /Users/paceme/Projects/heleum-app/vendor/laravel/framework/src/Illuminate/Routing/Route.php(198): Illuminate\\Routing\\Router->{closure}('1134')
#22 /Users/paceme/Projects/heleum-app/vendor/laravel/framework/src/Illuminate/Routing/Route.php(172): Illuminate\\Routing\\Route->runCallable()
#23 /Users/paceme/Projects/heleum-app/vendor/laravel/framework/src/Illuminate/Routing/Router.php(645): Illuminate\\Routing\\Route->run()
#24 /Users/paceme/Projects/heleum-app/vendor/laravel/framework/src/Illuminate/Routing/Pipeline.php(30): Illuminate\\Routing\\Router->Illuminate\\Routing\\{closure}(Object(Illuminate\\Http\\Request))
#25 /Users/paceme/Projects/heleum-app/vendor/laravel/framework/src/Illuminate/Routing/Middleware/SubstituteBindings.php(41): Illuminate\\Routing\\Pipeline->Illuminate\\Routing\\{closure}(Object(Illuminate\\Http\\Request))
#26 /Users/paceme/Projects/heleum-app/vendor/laravel/framework/src/Illuminate/Pipeline/Pipeline.php(149): Illuminate\\Routing\\Middleware\\SubstituteBindings->handle(Object(Illuminate\\Http\\Request), Object(Closure))
#27 /Users/paceme/Projects/heleum-app/vendor/laravel/framework/src/Illuminate/Routing/Pipeline.php(53): Illuminate\\Pipeline\\Pipeline->Illuminate\\Pipeline\\{closure}(Object(Illuminate\\Http\\Request))
#28 /Users/paceme/Projects/heleum-app/vendor/laravel/framework/src/Illuminate/Foundation/Http/Middleware/VerifyCsrfToken.php(67): Illuminate\\Routing\\Pipeline->Illuminate\\Routing\\{closure}(Object(Illuminate\\Http\\Request))
#29 /Users/paceme/Projects/heleum-app/vendor/laravel/framework/src/Illuminate/Pipeline/Pipeline.php(149): Illuminate\\Foundation\\Http\\Middleware\\VerifyCsrfToken->handle(Object(Illuminate\\Http\\Request), Object(Closure))
#30 /Users/paceme/Projects/heleum-app/vendor/laravel/framework/src/Illuminate/Routing/Pipeline.php(53): Illuminate\\Pipeline\\Pipeline->Illuminate\\Pipeline\\{closure}(Object(Illuminate\\Http\\Request))
#31 /Users/paceme/Projects/heleum-app/vendor/laravel/framework/src/Illuminate/View/Middleware/ShareErrorsFromSession.php(49): Illuminate\\Routing\\Pipeline->Illuminate\\Routing\\{closure}(Object(Illuminate\\Http\\Request))
#32 /Users/paceme/Projects/heleum-app/vendor/laravel/framework/src/Illuminate/Pipeline/Pipeline.php(149): Illuminate\\View\\Middleware\\ShareErrorsFromSession->handle(Object(Illuminate\\Http\\Request), Object(Closure))
#33 /Users/paceme/Projects/heleum-app/vendor/laravel/framework/src/Illuminate/Routing/Pipeline.php(53): Illuminate\\Pipeline\\Pipeline->Illuminate\\Pipeline\\{closure}(Object(Illuminate\\Http\\Request))
#34 /Users/paceme/Projects/heleum-app/vendor/laravel/framework/src/Illuminate/Session/Middleware/StartSession.php(63): Illuminate\\Routing\\Pipeline->Illuminate\\Routing\\{closure}(Object(Illuminate\\Http\\Request))
#35 /Users/paceme/Projects/heleum-app/vendor/laravel/framework/src/Illuminate/Pipeline/Pipeline.php(149): Illuminate\\Session\\Middleware\\StartSession->handle(Object(Illuminate\\Http\\Request), Object(Closure))
#36 /Users/paceme/Projects/heleum-app/vendor/laravel/framework/src/Illuminate/Routing/Pipeline.php(53): Illuminate\\Pipeline\\Pipeline->Illuminate\\Pipeline\\{closure}(Object(Illuminate\\Http\\Request))
#37 /Users/paceme/Projects/heleum-app/vendor/laravel/framework/src/Illuminate/Cookie/Middleware/AddQueuedCookiesToResponse.php(37): Illuminate\\Routing\\Pipeline->Illuminate\\Routing\\{closure}(Object(Illuminate\\Http\\Request))
#38 /Users/paceme/Projects/heleum-app/vendor/laravel/framework/src/Illuminate/Pipeline/Pipeline.php(149): Illuminate\\Cookie\\Middleware\\AddQueuedCookiesToResponse->handle(Object(Illuminate\\Http\\Request), Object(Closure))
#39 /Users/paceme/Projects/heleum-app/vendor/laravel/framework/src/Illuminate/Routing/Pipeline.php(53): Illuminate\\Pipeline\\Pipeline->Illuminate\\Pipeline\\{closure}(Object(Illuminate\\Http\\Request))
#40 /Users/paceme/Projects/heleum-app/vendor/laravel/framework/src/Illuminate/Cookie/Middleware/EncryptCookies.php(59): Illuminate\\Routing\\Pipeline->Illuminate\\Routing\\{closure}(Object(Illuminate\\Http\\Request))
#41 /Users/paceme/Projects/heleum-app/vendor/laravel/framework/src/Illuminate/Pipeline/Pipeline.php(149): Illuminate\\Cookie\\Middleware\\EncryptCookies->handle(Object(Illuminate\\Http\\Request), Object(Closure))
#42 /Users/paceme/Projects/heleum-app/vendor/laravel/framework/src/Illuminate/Routing/Pipeline.php(53): Illuminate\\Pipeline\\Pipeline->Illuminate\\Pipeline\\{closure}(Object(Illuminate\\Http\\Request))
#43 /Users/paceme/Projects/heleum-app/vendor/laravel/framework/src/Illuminate/Pipeline/Pipeline.php(102): Illuminate\\Routing\\Pipeline->Illuminate\\Routing\\{closure}(Object(Illuminate\\Http\\Request))
#44 /Users/paceme/Projects/heleum-app/vendor/laravel/framework/src/Illuminate/Routing/Router.php(647): Illuminate\\Pipeline\\Pipeline->then(Object(Closure))
#45 /Users/paceme/Projects/heleum-app/vendor/laravel/framework/src/Illuminate/Routing/Router.php(622): Illuminate\\Routing\\Router->runRouteWithinStack(Object(Illuminate\\Routing\\Route), Object(Illuminate\\Http\\Request))
#46 /Users/paceme/Projects/heleum-app/vendor/laravel/framework/src/Illuminate/Routing/Router.php(588): Illuminate\\Routing\\Router->runRoute(Object(Illuminate\\Http\\Request), Object(Illuminate\\Routing\\Route))
#47 /Users/paceme/Projects/heleum-app/vendor/laravel/framework/src/Illuminate/Routing/Router.php(577): Illuminate\\Routing\\Router->dispatchToRoute(Object(Illuminate\\Http\\Request))
#48 /Users/paceme/Projects/heleum-app/vendor/laravel/framework/src/Illuminate/Foundation/Http/Kernel.php(176): Illuminate\\Routing\\Router->dispatch(Object(Illuminate\\Http\\Request))
#49 /Users/paceme/Projects/heleum-app/vendor/laravel/framework/src/Illuminate/Routing/Pipeline.php(30): Illuminate\\Foundation\\Http\\Kernel->Illuminate\\Foundation\\Http\\{closure}(Object(Illuminate\\Http\\Request))
#50 /Users/paceme/Projects/heleum-app/vendor/fideloper/proxy/src/TrustProxies.php(56): Illuminate\\Routing\\Pipeline->Illuminate\\Routing\\{closure}(Object(Illuminate\\Http\\Request))
#51 /Users/paceme/Projects/heleum-app/vendor/laravel/framework/src/Illuminate/Pipeline/Pipeline.php(149): Fideloper\\Proxy\\TrustProxies->handle(Object(Illuminate\\Http\\Request), Object(Closure))
#52 /Users/paceme/Projects/heleum-app/vendor/laravel/framework/src/Illuminate/Routing/Pipeline.php(53): Illuminate\\Pipeline\\Pipeline->Illuminate\\Pipeline\\{closure}(Object(Illuminate\\Http\\Request))
#53 /Users/paceme/Projects/heleum-app/vendor/laravel/framework/src/Illuminate/Foundation/Http/Middleware/TransformsRequest.php(30): Illuminate\\Routing\\Pipeline->Illuminate\\Routing\\{closure}(Object(Illuminate\\Http\\Request))
#54 /Users/paceme/Projects/heleum-app/vendor/laravel/framework/src/Illuminate/Pipeline/Pipeline.php(149): Illuminate\\Foundation\\Http\\Middleware\\TransformsRequest->handle(Object(Illuminate\\Http\\Request), Object(Closure))
#55 /Users/paceme/Projects/heleum-app/vendor/laravel/framework/src/Illuminate/Routing/Pipeline.php(53): Illuminate\\Pipeline\\Pipeline->Illuminate\\Pipeline\\{closure}(Object(Illuminate\\Http\\Request))
#56 /Users/paceme/Projects/heleum-app/vendor/laravel/framework/src/Illuminate/Foundation/Http/Middleware/TransformsRequest.php(30): Illuminate\\Routing\\Pipeline->Illuminate\\Routing\\{closure}(Object(Illuminate\\Http\\Request))
#57 /Users/paceme/Projects/heleum-app/vendor/laravel/framework/src/Illuminate/Pipeline/Pipeline.php(149): Illuminate\\Foundation\\Http\\Middleware\\TransformsRequest->handle(Object(Illuminate\\Http\\Request), Object(Closure))
#58 /Users/paceme/Projects/heleum-app/vendor/laravel/framework/src/Illuminate/Routing/Pipeline.php(53): Illuminate\\Pipeline\\Pipeline->Illuminate\\Pipeline\\{closure}(Object(Illuminate\\Http\\Request))
#59 /Users/paceme/Projects/heleum-app/vendor/laravel/framework/src/Illuminate/Foundation/Http/Middleware/ValidatePostSize.php(27): Illuminate\\Routing\\Pipeline->Illuminate\\Routing\\{closure}(Object(Illuminate\\Http\\Request))
#60 /Users/paceme/Projects/heleum-app/vendor/laravel/framework/src/Illuminate/Pipeline/Pipeline.php(149): Illuminate\\Foundation\\Http\\Middleware\\ValidatePostSize->handle(Object(Illuminate\\Http\\Request), Object(Closure))
#61 /Users/paceme/Projects/heleum-app/vendor/laravel/framework/src/Illuminate/Routing/Pipeline.php(53): Illuminate\\Pipeline\\Pipeline->Illuminate\\Pipeline\\{closure}(Object(Illuminate\\Http\\Request))
#62 /Users/paceme/Projects/heleum-app/vendor/laravel/framework/src/Illuminate/Foundation/Http/Middleware/CheckForMaintenanceMode.php(46): Illuminate\\Routing\\Pipeline->Illuminate\\Routing\\{closure}(Object(Illuminate\\Http\\Request))
#63 /Users/paceme/Projects/heleum-app/vendor/laravel/framework/src/Illuminate/Pipeline/Pipeline.php(149): Illuminate\\Foundation\\Http\\Middleware\\CheckForMaintenanceMode->handle(Object(Illuminate\\Http\\Request), Object(Closure))
#64 /Users/paceme/Projects/heleum-app/vendor/laravel/framework/src/Illuminate/Routing/Pipeline.php(53): Illuminate\\Pipeline\\Pipeline->Illuminate\\Pipeline\\{closure}(Object(Illuminate\\Http\\Request))
#65 /Users/paceme/Projects/heleum-app/vendor/laravel/framework/src/Illuminate/Pipeline/Pipeline.php(102): Illuminate\\Routing\\Pipeline->Illuminate\\Routing\\{closure}(Object(Illuminate\\Http\\Request))
#66 /Users/paceme/Projects/heleum-app/vendor/laravel/framework/src/Illuminate/Foundation/Http/Kernel.php(151): Illuminate\\Pipeline\\Pipeline->then(Object(Closure))
#67 /Users/paceme/Projects/heleum-app/vendor/laravel/framework/src/Illuminate/Foundation/Http/Kernel.php(116): Illuminate\\Foundation\\Http\\Kernel->sendRequestThroughRouter(Object(Illuminate\\Http\\Request))
#68 /Users/paceme/Projects/heleum-app/public/index.php(55): Illuminate\\Foundation\\Http\\Kernel->handle(Object(Illuminate\\Http\\Request))
#69 /Users/paceme/Projects/heleum-app/server.php(21): require_once('/Users/paceme/P...')
#70 {main}
"} 
[2019-03-01 20:54:29] local.ERROR: SQLSTATE[08006] [7] could not connect to server: Connection refused
	Is the server running on host "localhost" (::1) and accepting
	TCP/IP connections on port 5432?
could not connect to server: Connection refused
	Is the server running on host "localhost" (127.0.0.1) and accepting
	TCP/IP connections on port 5432? (SQL: select * from "users" where "users"."user_id" = 1134 limit 1) {"exception":"[object] (Illuminate\\Database\\QueryException(code: 7): SQLSTATE[08006] [7] could not connect to server: Connection refused
\tIs the server running on host \"localhost\" (::1) and accepting
\tTCP/IP connections on port 5432?
could not connect to server: Connection refused
\tIs the server running on host \"localhost\" (127.0.0.1) and accepting
\tTCP/IP connections on port 5432? (SQL: select * from \"users\" where \"users\".\"user_id\" = 1134 limit 1) at /Users/paceme/Projects/heleum-app/vendor/laravel/framework/src/Illuminate/Database/Connection.php:664, PDOException(code: 7): SQLSTATE[08006] [7] could not connect to server: Connection refused
\tIs the server running on host \"localhost\" (::1) and accepting
\tTCP/IP connections on port 5432?
could not connect to server: Connection refused
\tIs the server running on host \"localhost\" (127.0.0.1) and accepting
\tTCP/IP connections on port 5432? at /Users/paceme/Projects/heleum-app/vendor/laravel/framework/src/Illuminate/Database/Connectors/Connector.php:67)
[stacktrace]
#0 /Users/paceme/Projects/heleum-app/vendor/laravel/framework/src/Illuminate/Database/Connection.php(624): Illuminate\\Database\\Connection->runQueryCallback('select * from \"...', Array, Object(Closure))
#1 /Users/paceme/Projects/heleum-app/vendor/laravel/framework/src/Illuminate/Database/Connection.php(333): Illuminate\\Database\\Connection->run('select * from \"...', Array, Object(Closure))
#2 /Users/paceme/Projects/heleum-app/vendor/laravel/framework/src/Illuminate/Database/Query/Builder.php(1705): Illuminate\\Database\\Connection->select('select * from \"...', Array, true)
#3 /Users/paceme/Projects/heleum-app/vendor/laravel/framework/src/Illuminate/Database/Query/Builder.php(1690): Illuminate\\Database\\Query\\Builder->runSelect()
#4 /Users/paceme/Projects/heleum-app/vendor/laravel/framework/src/Illuminate/Database/Eloquent/Builder.php(479): Illuminate\\Database\\Query\\Builder->get(Array)
#5 /Users/paceme/Projects/heleum-app/vendor/laravel/framework/src/Illuminate/Database/Eloquent/Builder.php(463): Illuminate\\Database\\Eloquent\\Builder->getModels(Array)
#6 /Users/paceme/Projects/heleum-app/vendor/laravel/framework/src/Illuminate/Database/Concerns/BuildsQueries.php(77): Illuminate\\Database\\Eloquent\\Builder->get(Array)
#7 /Users/paceme/Projects/heleum-app/vendor/laravel/framework/src/Illuminate/Database/Eloquent/Builder.php(289): Illuminate\\Database\\Eloquent\\Builder->first(Array)
#8 /Users/paceme/Projects/heleum-app/vendor/laravel/framework/src/Illuminate/Database/Eloquent/Model.php(1417): Illuminate\\Database\\Eloquent\\Builder->find('1134')
#9 /Users/paceme/Projects/heleum-app/vendor/laravel/framework/src/Illuminate/Database/Eloquent/Model.php(1434): Illuminate\\Database\\Eloquent\\Model->__call('find', Array)
#10 /Users/paceme/Projects/heleum-app/routes/web.php(171): Illuminate\\Database\\Eloquent\\Model::__callStatic('find', Array)
#11 /Users/paceme/Projects/heleum-app/vendor/laravel/framework/src/Illuminate/Routing/Route.php(198): Illuminate\\Routing\\Router->{closure}('1134')
#12 /Users/paceme/Projects/heleum-app/vendor/laravel/framework/src/Illuminate/Routing/Route.php(172): Illuminate\\Routing\\Route->runCallable()
#13 /Users/paceme/Projects/heleum-app/vendor/laravel/framework/src/Illuminate/Routing/Router.php(645): Illuminate\\Routing\\Route->run()
#14 /Users/paceme/Projects/heleum-app/vendor/laravel/framework/src/Illuminate/Routing/Pipeline.php(30): Illuminate\\Routing\\Router->Illuminate\\Routing\\{closure}(Object(Illuminate\\Http\\Request))
#15 /Users/paceme/Projects/heleum-app/vendor/laravel/framework/src/Illuminate/Routing/Middleware/SubstituteBindings.php(41): Illuminate\\Routing\\Pipeline->Illuminate\\Routing\\{closure}(Object(Illuminate\\Http\\Request))
#16 /Users/paceme/Projects/heleum-app/vendor/laravel/framework/src/Illuminate/Pipeline/Pipeline.php(149): Illuminate\\Routing\\Middleware\\SubstituteBindings->handle(Object(Illuminate\\Http\\Request), Object(Closure))
#17 /Users/paceme/Projects/heleum-app/vendor/laravel/framework/src/Illuminate/Routing/Pipeline.php(53): Illuminate\\Pipeline\\Pipeline->Illuminate\\Pipeline\\{closure}(Object(Illuminate\\Http\\Request))
#18 /Users/paceme/Projects/heleum-app/vendor/laravel/framework/src/Illuminate/Foundation/Http/Middleware/VerifyCsrfToken.php(67): Illuminate\\Routing\\Pipeline->Illuminate\\Routing\\{closure}(Object(Illuminate\\Http\\Request))
#19 /Users/paceme/Projects/heleum-app/vendor/laravel/framework/src/Illuminate/Pipeline/Pipeline.php(149): Illuminate\\Foundation\\Http\\Middleware\\VerifyCsrfToken->handle(Object(Illuminate\\Http\\Request), Object(Closure))
#20 /Users/paceme/Projects/heleum-app/vendor/laravel/framework/src/Illuminate/Routing/Pipeline.php(53): Illuminate\\Pipeline\\Pipeline->Illuminate\\Pipeline\\{closure}(Object(Illuminate\\Http\\Request))
#21 /Users/paceme/Projects/heleum-app/vendor/laravel/framework/src/Illuminate/View/Middleware/ShareErrorsFromSession.php(49): Illuminate\\Routing\\Pipeline->Illuminate\\Routing\\{closure}(Object(Illuminate\\Http\\Request))
#22 /Users/paceme/Projects/heleum-app/vendor/laravel/framework/src/Illuminate/Pipeline/Pipeline.php(149): Illuminate\\View\\Middleware\\ShareErrorsFromSession->handle(Object(Illuminate\\Http\\Request), Object(Closure))
#23 /Users/paceme/Projects/heleum-app/vendor/laravel/framework/src/Illuminate/Routing/Pipeline.php(53): Illuminate\\Pipeline\\Pipeline->Illuminate\\Pipeline\\{closure}(Object(Illuminate\\Http\\Request))
#24 /Users/paceme/Projects/heleum-app/vendor/laravel/framework/src/Illuminate/Session/Middleware/StartSession.php(63): Illuminate\\Routing\\Pipeline->Illuminate\\Routing\\{closure}(Object(Illuminate\\Http\\Request))
#25 /Users/paceme/Projects/heleum-app/vendor/laravel/framework/src/Illuminate/Pipeline/Pipeline.php(149): Illuminate\\Session\\Middleware\\StartSession->handle(Object(Illuminate\\Http\\Request), Object(Closure))
#26 /Users/paceme/Projects/heleum-app/vendor/laravel/framework/src/Illuminate/Routing/Pipeline.php(53): Illuminate\\Pipeline\\Pipeline->Illuminate\\Pipeline\\{closure}(Object(Illuminate\\Http\\Request))
#27 /Users/paceme/Projects/heleum-app/vendor/laravel/framework/src/Illuminate/Cookie/Middleware/AddQueuedCookiesToResponse.php(37): Illuminate\\Routing\\Pipeline->Illuminate\\Routing\\{closure}(Object(Illuminate\\Http\\Request))
#28 /Users/paceme/Projects/heleum-app/vendor/laravel/framework/src/Illuminate/Pipeline/Pipeline.php(149): Illuminate\\Cookie\\Middleware\\AddQueuedCookiesToResponse->handle(Object(Illuminate\\Http\\Request), Object(Closure))
#29 /Users/paceme/Projects/heleum-app/vendor/laravel/framework/src/Illuminate/Routing/Pipeline.php(53): Illuminate\\Pipeline\\Pipeline->Illuminate\\Pipeline\\{closure}(Object(Illuminate\\Http\\Request))
#30 /Users/paceme/Projects/heleum-app/vendor/laravel/framework/src/Illuminate/Cookie/Middleware/EncryptCookies.php(59): Illuminate\\Routing\\Pipeline->Illuminate\\Routing\\{closure}(Object(Illuminate\\Http\\Request))
#31 /Users/paceme/Projects/heleum-app/vendor/laravel/framework/src/Illuminate/Pipeline/Pipeline.php(149): Illuminate\\Cookie\\Middleware\\EncryptCookies->handle(Object(Illuminate\\Http\\Request), Object(Closure))
#32 /Users/paceme/Projects/heleum-app/vendor/laravel/framework/src/Illuminate/Routing/Pipeline.php(53): Illuminate\\Pipeline\\Pipeline->Illuminate\\Pipeline\\{closure}(Object(Illuminate\\Http\\Request))
#33 /Users/paceme/Projects/heleum-app/vendor/laravel/framework/src/Illuminate/Pipeline/Pipeline.php(102): Illuminate\\Routing\\Pipeline->Illuminate\\Routing\\{closure}(Object(Illuminate\\Http\\Request))
#34 /Users/paceme/Projects/heleum-app/vendor/laravel/framework/src/Illuminate/Routing/Router.php(647): Illuminate\\Pipeline\\Pipeline->then(Object(Closure))
#35 /Users/paceme/Projects/heleum-app/vendor/laravel/framework/src/Illuminate/Routing/Router.php(622): Illuminate\\Routing\\Router->runRouteWithinStack(Object(Illuminate\\Routing\\Route), Object(Illuminate\\Http\\Request))
#36 /Users/paceme/Projects/heleum-app/vendor/laravel/framework/src/Illuminate/Routing/Router.php(588): Illuminate\\Routing\\Router->runRoute(Object(Illuminate\\Http\\Request), Object(Illuminate\\Routing\\Route))
#37 /Users/paceme/Projects/heleum-app/vendor/laravel/framework/src/Illuminate/Routing/Router.php(577): Illuminate\\Routing\\Router->dispatchToRoute(Object(Illuminate\\Http\\Request))
#38 /Users/paceme/Projects/heleum-app/vendor/laravel/framework/src/Illuminate/Foundation/Http/Kernel.php(176): Illuminate\\Routing\\Router->dispatch(Object(Illuminate\\Http\\Request))
#39 /Users/paceme/Projects/heleum-app/vendor/laravel/framework/src/Illuminate/Routing/Pipeline.php(30): Illuminate\\Foundation\\Http\\Kernel->Illuminate\\Foundation\\Http\\{closure}(Object(Illuminate\\Http\\Request))
#40 /Users/paceme/Projects/heleum-app/vendor/fideloper/proxy/src/TrustProxies.php(56): Illuminate\\Routing\\Pipeline->Illuminate\\Routing\\{closure}(Object(Illuminate\\Http\\Request))
#41 /Users/paceme/Projects/heleum-app/vendor/laravel/framework/src/Illuminate/Pipeline/Pipeline.php(149): Fideloper\\Proxy\\TrustProxies->handle(Object(Illuminate\\Http\\Request), Object(Closure))
#42 /Users/paceme/Projects/heleum-app/vendor/laravel/framework/src/Illuminate/Routing/Pipeline.php(53): Illuminate\\Pipeline\\Pipeline->Illuminate\\Pipeline\\{closure}(Object(Illuminate\\Http\\Request))
#43 /Users/paceme/Projects/heleum-app/vendor/laravel/framework/src/Illuminate/Foundation/Http/Middleware/TransformsRequest.php(30): Illuminate\\Routing\\Pipeline->Illuminate\\Routing\\{closure}(Object(Illuminate\\Http\\Request))
#44 /Users/paceme/Projects/heleum-app/vendor/laravel/framework/src/Illuminate/Pipeline/Pipeline.php(149): Illuminate\\Foundation\\Http\\Middleware\\TransformsRequest->handle(Object(Illuminate\\Http\\Request), Object(Closure))
#45 /Users/paceme/Projects/heleum-app/vendor/laravel/framework/src/Illuminate/Routing/Pipeline.php(53): Illuminate\\Pipeline\\Pipeline->Illuminate\\Pipeline\\{closure}(Object(Illuminate\\Http\\Request))
#46 /Users/paceme/Projects/heleum-app/vendor/laravel/framework/src/Illuminate/Foundation/Http/Middleware/TransformsRequest.php(30): Illuminate\\Routing\\Pipeline->Illuminate\\Routing\\{closure}(Object(Illuminate\\Http\\Request))
#47 /Users/paceme/Projects/heleum-app/vendor/laravel/framework/src/Illuminate/Pipeline/Pipeline.php(149): Illuminate\\Foundation\\Http\\Middleware\\TransformsRequest->handle(Object(Illuminate\\Http\\Request), Object(Closure))
#48 /Users/paceme/Projects/heleum-app/vendor/laravel/framework/src/Illuminate/Routing/Pipeline.php(53): Illuminate\\Pipeline\\Pipeline->Illuminate\\Pipeline\\{closure}(Object(Illuminate\\Http\\Request))
#49 /Users/paceme/Projects/heleum-app/vendor/laravel/framework/src/Illuminate/Foundation/Http/Middleware/ValidatePostSize.php(27): Illuminate\\Routing\\Pipeline->Illuminate\\Routing\\{closure}(Object(Illuminate\\Http\\Request))
#50 /Users/paceme/Projects/heleum-app/vendor/laravel/framework/src/Illuminate/Pipeline/Pipeline.php(149): Illuminate\\Foundation\\Http\\Middleware\\ValidatePostSize->handle(Object(Illuminate\\Http\\Request), Object(Closure))
#51 /Users/paceme/Projects/heleum-app/vendor/laravel/framework/src/Illuminate/Routing/Pipeline.php(53): Illuminate\\Pipeline\\Pipeline->Illuminate\\Pipeline\\{closure}(Object(Illuminate\\Http\\Request))
#52 /Users/paceme/Projects/heleum-app/vendor/laravel/framework/src/Illuminate/Foundation/Http/Middleware/CheckForMaintenanceMode.php(46): Illuminate\\Routing\\Pipeline->Illuminate\\Routing\\{closure}(Object(Illuminate\\Http\\Request))
#53 /Users/paceme/Projects/heleum-app/vendor/laravel/framework/src/Illuminate/Pipeline/Pipeline.php(149): Illuminate\\Foundation\\Http\\Middleware\\CheckForMaintenanceMode->handle(Object(Illuminate\\Http\\Request), Object(Closure))
#54 /Users/paceme/Projects/heleum-app/vendor/laravel/framework/src/Illuminate/Routing/Pipeline.php(53): Illuminate\\Pipeline\\Pipeline->Illuminate\\Pipeline\\{closure}(Object(Illuminate\\Http\\Request))
#55 /Users/paceme/Projects/heleum-app/vendor/laravel/framework/src/Illuminate/Pipeline/Pipeline.php(102): Illuminate\\Routing\\Pipeline->Illuminate\\Routing\\{closure}(Object(Illuminate\\Http\\Request))
#56 /Users/paceme/Projects/heleum-app/vendor/laravel/framework/src/Illuminate/Foundation/Http/Kernel.php(151): Illuminate\\Pipeline\\Pipeline->then(Object(Closure))
#57 /Users/paceme/Projects/heleum-app/vendor/laravel/framework/src/Illuminate/Foundation/Http/Kernel.php(116): Illuminate\\Foundation\\Http\\Kernel->sendRequestThroughRouter(Object(Illuminate\\Http\\Request))
#58 /Users/paceme/Projects/heleum-app/public/index.php(55): Illuminate\\Foundation\\Http\\Kernel->handle(Object(Illuminate\\Http\\Request))
#59 /Users/paceme/Projects/heleum-app/server.php(21): require_once('/Users/paceme/P...')
#60 {main}
"} 
[2019-03-01 20:54:49] local.DEBUG: Account Data {"data":{"activeBalloonAmounts":0,"notInBalloons":1.75,"balance":1.75,"currency":"USD","currencyMark":"$","performance7DaySymbol":"+","performance7Day":"my 7 day performance","activeBalloons":"[object] (Illuminate\\Database\\Eloquent\\Collection: [])","poppedBalloons":"[object] (Illuminate\\Database\\Eloquent\\Collection: [{\"balloon_id\":57910,\"heleum_user\":3,\"launch_currency\":\"USD\",\"launch_amount\":\"3.05\",\"primed_timestamp\":\"2019-01-02 23:24:40\",\"total_fees_in_base_currency\":\"0.151307676289306815561190\",\"number_moves\":11,\"active\":false,\"user_balloon_id\":14,\"nullified\":false,\"busy\":false,\"last_busy_timestamp\":\"2019-01-20 17:05:36\"},{\"balloon_id\":16647,\"heleum_user\":3,\"launch_currency\":\"USD\",\"launch_amount\":\"5.24\",\"primed_timestamp\":\"2017-12-21 05:00:00\",\"total_fees_in_base_currency\":\"0.836176941282434656319030\",\"number_moves\":30,\"active\":false,\"user_balloon_id\":13,\"nullified\":false,\"busy\":false,\"last_busy_timestamp\":\"2018-12-18 15:49:48\"},{\"balloon_id\":15536,\"heleum_user\":3,\"launch_currency\":\"USD\",\"launch_amount\":\"5.23\",\"primed_timestamp\":\"2017-12-19 04:53:51\",\"total_fees_in_base_currency\":\"0.353304363406471886641460\",\"number_moves\":23,\"active\":false,\"user_balloon_id\":12,\"nullified\":false,\"busy\":false,\"last_busy_timestamp\":\"2018-12-28 19:22:24\"},{\"balloon_id\":12957,\"heleum_user\":3,\"launch_currency\":\"USD\",\"launch_amount\":\"8.92\",\"primed_timestamp\":\"2017-12-13 01:28:01\",\"total_fees_in_base_currency\":\"0.79904308237830\",\"number_moves\":6,\"active\":false,\"user_balloon_id\":11,\"nullified\":false,\"busy\":false,\"last_busy_timestamp\":null},{\"balloon_id\":7501,\"heleum_user\":3,\"launch_currency\":\"USD\",\"launch_amount\":\"6.15\",\"primed_timestamp\":\"2017-11-29 13:21:01\",\"total_fees_in_base_currency\":\"1.365640988185564532492500\",\"number_moves\":32,\"active\":false,\"user_balloon_id\":10,\"nullified\":false,\"busy\":false,\"last_busy_timestamp\":\"2018-12-18 09:17:03\"},{\"balloon_id\":6022,\"heleum_user\":3,\"launch_currency\":\"USD\",\"launch_amount\":\"5.66\",\"primed_timestamp\":\"2017-11-25 12:55:06\",\"total_fees_in_base_currency\":\"0.33249018369452437002160\",\"number_moves\":4,\"active\":false,\"user_balloon_id\":9,\"nullified\":false,\"busy\":false,\"last_busy_timestamp\":null},{\"balloon_id\":5609,\"heleum_user\":3,\"launch_currency\":\"USD\",\"launch_amount\":\"5.88\",\"primed_timestamp\":\"2017-11-23 10:32:45\",\"total_fees_in_base_currency\":\"1.250485104724782095428560\",\"number_moves\":13,\"active\":false,\"user_balloon_id\":8,\"nullified\":false,\"busy\":false,\"last_busy_timestamp\":null},{\"balloon_id\":4875,\"heleum_user\":3,\"launch_currency\":\"USD\",\"launch_amount\":\"5.49\",\"primed_timestamp\":\"2017-11-18 23:40:01\",\"total_fees_in_base_currency\":\"2.091892603340865011687439035\",\"number_moves\":39,\"active\":false,\"user_balloon_id\":7,\"nullified\":false,\"busy\":false,\"last_busy_timestamp\":\"2018-12-17 21:24:55\"},{\"balloon_id\":4576,\"heleum_user\":3,\"launch_currency\":\"USD\",\"launch_amount\":\"5.49\",\"primed_timestamp\":\"2017-11-16 23:33:39\",\"total_fees_in_base_currency\":\"0.166860\",\"number_moves\":2,\"active\":false,\"user_balloon_id\":6,\"nullified\":false,\"busy\":false,\"last_busy_timestamp\":null},{\"balloon_id\":4326,\"heleum_user\":3,\"launch_currency\":\"USD\",\"launch_amount\":\"5.40\",\"primed_timestamp\":\"2017-11-16 22:37:38\",\"total_fees_in_base_currency\":\"0.155600\",\"number_moves\":2,\"active\":false,\"user_balloon_id\":5,\"nullified\":false,\"busy\":false,\"last_busy_timestamp\":null},{\"balloon_id\":4119,\"heleum_user\":3,\"launch_currency\":\"USD\",\"launch_amount\":\"5.00\",\"primed_timestamp\":\"2017-11-14 15:30:02\",\"total_fees_in_base_currency\":\"0.2960930105997842703495658354\",\"number_moves\":4,\"active\":false,\"user_balloon_id\":4,\"nullified\":false,\"busy\":false,\"last_busy_timestamp\":null},{\"balloon_id\":3998,\"heleum_user\":3,\"launch_currency\":\"USD\",\"launch_amount\":\"5.00\",\"primed_timestamp\":\"2017-11-12 05:10:02\",\"total_fees_in_base_currency\":\"0.6894621973078588260312507884\",\"number_moves\":9,\"active\":false,\"user_balloon_id\":3,\"nullified\":false,\"busy\":false,\"last_busy_timestamp\":null},{\"balloon_id\":3872,\"heleum_user\":3,\"launch_currency\":\"USD\",\"launch_amount\":\"5.00\",\"primed_timestamp\":\"2017-11-10 05:10:00\",\"total_fees_in_base_currency\":\"0.3028998851877762020404165524\",\"number_moves\":4,\"active\":false,\"user_balloon_id\":2,\"nullified\":false,\"busy\":false,\"last_busy_timestamp\":null},{\"balloon_id\":3743,\"heleum_user\":3,\"launch_currency\":\"USD\",\"launch_amount\":\"5.00\",\"primed_timestamp\":\"2017-11-08 05:00:01\",\"total_fees_in_base_currency\":\"2.893228597915431033089824882\",\"number_moves\":52,\"active\":false,\"user_balloon_id\":1,\"nullified\":false,\"busy\":false,\"last_busy_timestamp\":\"2018-12-29 23:44:23\"}])"}} 
[2019-03-01 20:55:36] local.DEBUG: Account Data {"data":{"activeBalloonAmounts":0,"notInBalloons":1.75,"balance":1.75,"currency":"USD","currencyMark":"$","performance7DaySymbol":"+","performance7Day":"my 7 day performance","activeBalloons":"[object] (Illuminate\\Database\\Eloquent\\Collection: [])","poppedBalloons":"[object] (Illuminate\\Database\\Eloquent\\Collection: [{\"balloon_id\":57910,\"heleum_user\":3,\"launch_currency\":\"USD\",\"launch_amount\":\"3.05\",\"primed_timestamp\":\"2019-01-02 23:24:40\",\"total_fees_in_base_currency\":\"0.151307676289306815561190\",\"number_moves\":11,\"active\":false,\"user_balloon_id\":14,\"nullified\":false,\"busy\":false,\"last_busy_timestamp\":\"2019-01-20 17:05:36\"},{\"balloon_id\":16647,\"heleum_user\":3,\"launch_currency\":\"USD\",\"launch_amount\":\"5.24\",\"primed_timestamp\":\"2017-12-21 05:00:00\",\"total_fees_in_base_currency\":\"0.836176941282434656319030\",\"number_moves\":30,\"active\":false,\"user_balloon_id\":13,\"nullified\":false,\"busy\":false,\"last_busy_timestamp\":\"2018-12-18 15:49:48\"},{\"balloon_id\":15536,\"heleum_user\":3,\"launch_currency\":\"USD\",\"launch_amount\":\"5.23\",\"primed_timestamp\":\"2017-12-19 04:53:51\",\"total_fees_in_base_currency\":\"0.353304363406471886641460\",\"number_moves\":23,\"active\":false,\"user_balloon_id\":12,\"nullified\":false,\"busy\":false,\"last_busy_timestamp\":\"2018-12-28 19:22:24\"},{\"balloon_id\":12957,\"heleum_user\":3,\"launch_currency\":\"USD\",\"launch_amount\":\"8.92\",\"primed_timestamp\":\"2017-12-13 01:28:01\",\"total_fees_in_base_currency\":\"0.79904308237830\",\"number_moves\":6,\"active\":false,\"user_balloon_id\":11,\"nullified\":false,\"busy\":false,\"last_busy_timestamp\":null},{\"balloon_id\":7501,\"heleum_user\":3,\"launch_currency\":\"USD\",\"launch_amount\":\"6.15\",\"primed_timestamp\":\"2017-11-29 13:21:01\",\"total_fees_in_base_currency\":\"1.365640988185564532492500\",\"number_moves\":32,\"active\":false,\"user_balloon_id\":10,\"nullified\":false,\"busy\":false,\"last_busy_timestamp\":\"2018-12-18 09:17:03\"},{\"balloon_id\":6022,\"heleum_user\":3,\"launch_currency\":\"USD\",\"launch_amount\":\"5.66\",\"primed_timestamp\":\"2017-11-25 12:55:06\",\"total_fees_in_base_currency\":\"0.33249018369452437002160\",\"number_moves\":4,\"active\":false,\"user_balloon_id\":9,\"nullified\":false,\"busy\":false,\"last_busy_timestamp\":null},{\"balloon_id\":5609,\"heleum_user\":3,\"launch_currency\":\"USD\",\"launch_amount\":\"5.88\",\"primed_timestamp\":\"2017-11-23 10:32:45\",\"total_fees_in_base_currency\":\"1.250485104724782095428560\",\"number_moves\":13,\"active\":false,\"user_balloon_id\":8,\"nullified\":false,\"busy\":false,\"last_busy_timestamp\":null},{\"balloon_id\":4875,\"heleum_user\":3,\"launch_currency\":\"USD\",\"launch_amount\":\"5.49\",\"primed_timestamp\":\"2017-11-18 23:40:01\",\"total_fees_in_base_currency\":\"2.091892603340865011687439035\",\"number_moves\":39,\"active\":false,\"user_balloon_id\":7,\"nullified\":false,\"busy\":false,\"last_busy_timestamp\":\"2018-12-17 21:24:55\"},{\"balloon_id\":4576,\"heleum_user\":3,\"launch_currency\":\"USD\",\"launch_amount\":\"5.49\",\"primed_timestamp\":\"2017-11-16 23:33:39\",\"total_fees_in_base_currency\":\"0.166860\",\"number_moves\":2,\"active\":false,\"user_balloon_id\":6,\"nullified\":false,\"busy\":false,\"last_busy_timestamp\":null},{\"balloon_id\":4326,\"heleum_user\":3,\"launch_currency\":\"USD\",\"launch_amount\":\"5.40\",\"primed_timestamp\":\"2017-11-16 22:37:38\",\"total_fees_in_base_currency\":\"0.155600\",\"number_moves\":2,\"active\":false,\"user_balloon_id\":5,\"nullified\":false,\"busy\":false,\"last_busy_timestamp\":null},{\"balloon_id\":4119,\"heleum_user\":3,\"launch_currency\":\"USD\",\"launch_amount\":\"5.00\",\"primed_timestamp\":\"2017-11-14 15:30:02\",\"total_fees_in_base_currency\":\"0.2960930105997842703495658354\",\"number_moves\":4,\"active\":false,\"user_balloon_id\":4,\"nullified\":false,\"busy\":false,\"last_busy_timestamp\":null},{\"balloon_id\":3998,\"heleum_user\":3,\"launch_currency\":\"USD\",\"launch_amount\":\"5.00\",\"primed_timestamp\":\"2017-11-12 05:10:02\",\"total_fees_in_base_currency\":\"0.6894621973078588260312507884\",\"number_moves\":9,\"active\":false,\"user_balloon_id\":3,\"nullified\":false,\"busy\":false,\"last_busy_timestamp\":null},{\"balloon_id\":3872,\"heleum_user\":3,\"launch_currency\":\"USD\",\"launch_amount\":\"5.00\",\"primed_timestamp\":\"2017-11-10 05:10:00\",\"total_fees_in_base_currency\":\"0.3028998851877762020404165524\",\"number_moves\":4,\"active\":false,\"user_balloon_id\":2,\"nullified\":false,\"busy\":false,\"last_busy_timestamp\":null},{\"balloon_id\":3743,\"heleum_user\":3,\"launch_currency\":\"USD\",\"launch_amount\":\"5.00\",\"primed_timestamp\":\"2017-11-08 05:00:01\",\"total_fees_in_base_currency\":\"2.893228597915431033089824882\",\"number_moves\":52,\"active\":false,\"user_balloon_id\":1,\"nullified\":false,\"busy\":false,\"last_busy_timestamp\":\"2018-12-29 23:44:23\"}])"}} 
[2019-03-01 20:56:31] local.DEBUG: Account Data {"data":{"activeBalloonAmounts":0,"notInBalloons":1.75,"balance":1.75,"currency":"USD","currencyMark":"$","performance7DaySymbol":"+","performance7Day":"my 7 day performance","activeBalloons":"[object] (Illuminate\\Database\\Eloquent\\Collection: [])","poppedBalloons":"[object] (Illuminate\\Database\\Eloquent\\Collection: [{\"balloon_id\":57910,\"heleum_user\":3,\"launch_currency\":\"USD\",\"launch_amount\":\"3.05\",\"primed_timestamp\":\"2019-01-02 23:24:40\",\"total_fees_in_base_currency\":\"0.151307676289306815561190\",\"number_moves\":11,\"active\":false,\"user_balloon_id\":14,\"nullified\":false,\"busy\":false,\"last_busy_timestamp\":\"2019-01-20 17:05:36\"},{\"balloon_id\":16647,\"heleum_user\":3,\"launch_currency\":\"USD\",\"launch_amount\":\"5.24\",\"primed_timestamp\":\"2017-12-21 05:00:00\",\"total_fees_in_base_currency\":\"0.836176941282434656319030\",\"number_moves\":30,\"active\":false,\"user_balloon_id\":13,\"nullified\":false,\"busy\":false,\"last_busy_timestamp\":\"2018-12-18 15:49:48\"},{\"balloon_id\":15536,\"heleum_user\":3,\"launch_currency\":\"USD\",\"launch_amount\":\"5.23\",\"primed_timestamp\":\"2017-12-19 04:53:51\",\"total_fees_in_base_currency\":\"0.353304363406471886641460\",\"number_moves\":23,\"active\":false,\"user_balloon_id\":12,\"nullified\":false,\"busy\":false,\"last_busy_timestamp\":\"2018-12-28 19:22:24\"},{\"balloon_id\":12957,\"heleum_user\":3,\"launch_currency\":\"USD\",\"launch_amount\":\"8.92\",\"primed_timestamp\":\"2017-12-13 01:28:01\",\"total_fees_in_base_currency\":\"0.79904308237830\",\"number_moves\":6,\"active\":false,\"user_balloon_id\":11,\"nullified\":false,\"busy\":false,\"last_busy_timestamp\":null},{\"balloon_id\":7501,\"heleum_user\":3,\"launch_currency\":\"USD\",\"launch_amount\":\"6.15\",\"primed_timestamp\":\"2017-11-29 13:21:01\",\"total_fees_in_base_currency\":\"1.365640988185564532492500\",\"number_moves\":32,\"active\":false,\"user_balloon_id\":10,\"nullified\":false,\"busy\":false,\"last_busy_timestamp\":\"2018-12-18 09:17:03\"},{\"balloon_id\":6022,\"heleum_user\":3,\"launch_currency\":\"USD\",\"launch_amount\":\"5.66\",\"primed_timestamp\":\"2017-11-25 12:55:06\",\"total_fees_in_base_currency\":\"0.33249018369452437002160\",\"number_moves\":4,\"active\":false,\"user_balloon_id\":9,\"nullified\":false,\"busy\":false,\"last_busy_timestamp\":null},{\"balloon_id\":5609,\"heleum_user\":3,\"launch_currency\":\"USD\",\"launch_amount\":\"5.88\",\"primed_timestamp\":\"2017-11-23 10:32:45\",\"total_fees_in_base_currency\":\"1.250485104724782095428560\",\"number_moves\":13,\"active\":false,\"user_balloon_id\":8,\"nullified\":false,\"busy\":false,\"last_busy_timestamp\":null},{\"balloon_id\":4875,\"heleum_user\":3,\"launch_currency\":\"USD\",\"launch_amount\":\"5.49\",\"primed_timestamp\":\"2017-11-18 23:40:01\",\"total_fees_in_base_currency\":\"2.091892603340865011687439035\",\"number_moves\":39,\"active\":false,\"user_balloon_id\":7,\"nullified\":false,\"busy\":false,\"last_busy_timestamp\":\"2018-12-17 21:24:55\"},{\"balloon_id\":4576,\"heleum_user\":3,\"launch_currency\":\"USD\",\"launch_amount\":\"5.49\",\"primed_timestamp\":\"2017-11-16 23:33:39\",\"total_fees_in_base_currency\":\"0.166860\",\"number_moves\":2,\"active\":false,\"user_balloon_id\":6,\"nullified\":false,\"busy\":false,\"last_busy_timestamp\":null},{\"balloon_id\":4326,\"heleum_user\":3,\"launch_currency\":\"USD\",\"launch_amount\":\"5.40\",\"primed_timestamp\":\"2017-11-16 22:37:38\",\"total_fees_in_base_currency\":\"0.155600\",\"number_moves\":2,\"active\":false,\"user_balloon_id\":5,\"nullified\":false,\"busy\":false,\"last_busy_timestamp\":null},{\"balloon_id\":4119,\"heleum_user\":3,\"launch_currency\":\"USD\",\"launch_amount\":\"5.00\",\"primed_timestamp\":\"2017-11-14 15:30:02\",\"total_fees_in_base_currency\":\"0.2960930105997842703495658354\",\"number_moves\":4,\"active\":false,\"user_balloon_id\":4,\"nullified\":false,\"busy\":false,\"last_busy_timestamp\":null},{\"balloon_id\":3998,\"heleum_user\":3,\"launch_currency\":\"USD\",\"launch_amount\":\"5.00\",\"primed_timestamp\":\"2017-11-12 05:10:02\",\"total_fees_in_base_currency\":\"0.6894621973078588260312507884\",\"number_moves\":9,\"active\":false,\"user_balloon_id\":3,\"nullified\":false,\"busy\":false,\"last_busy_timestamp\":null},{\"balloon_id\":3872,\"heleum_user\":3,\"launch_currency\":\"USD\",\"launch_amount\":\"5.00\",\"primed_timestamp\":\"2017-11-10 05:10:00\",\"total_fees_in_base_currency\":\"0.3028998851877762020404165524\",\"number_moves\":4,\"active\":false,\"user_balloon_id\":2,\"nullified\":false,\"busy\":false,\"last_busy_timestamp\":null},{\"balloon_id\":3743,\"heleum_user\":3,\"launch_currency\":\"USD\",\"launch_amount\":\"5.00\",\"primed_timestamp\":\"2017-11-08 05:00:01\",\"total_fees_in_base_currency\":\"2.893228597915431033089824882\",\"number_moves\":52,\"active\":false,\"user_balloon_id\":1,\"nullified\":false,\"busy\":false,\"last_busy_timestamp\":\"2018-12-29 23:44:23\"}])"}} 
[2019-03-01 20:56:43] local.DEBUG: Account Data {"data":{"activeBalloonAmounts":0,"notInBalloons":1.75,"balance":1.75,"currency":"USD","currencyMark":"$","performance7DaySymbol":"+","performance7Day":"my 7 day performance","activeBalloons":"[object] (Illuminate\\Database\\Eloquent\\Collection: [])","poppedBalloons":"[object] (Illuminate\\Database\\Eloquent\\Collection: [{\"balloon_id\":57910,\"heleum_user\":3,\"launch_currency\":\"USD\",\"launch_amount\":\"3.05\",\"primed_timestamp\":\"2019-01-02 23:24:40\",\"total_fees_in_base_currency\":\"0.151307676289306815561190\",\"number_moves\":11,\"active\":false,\"user_balloon_id\":14,\"nullified\":false,\"busy\":false,\"last_busy_timestamp\":\"2019-01-20 17:05:36\"},{\"balloon_id\":16647,\"heleum_user\":3,\"launch_currency\":\"USD\",\"launch_amount\":\"5.24\",\"primed_timestamp\":\"2017-12-21 05:00:00\",\"total_fees_in_base_currency\":\"0.836176941282434656319030\",\"number_moves\":30,\"active\":false,\"user_balloon_id\":13,\"nullified\":false,\"busy\":false,\"last_busy_timestamp\":\"2018-12-18 15:49:48\"},{\"balloon_id\":15536,\"heleum_user\":3,\"launch_currency\":\"USD\",\"launch_amount\":\"5.23\",\"primed_timestamp\":\"2017-12-19 04:53:51\",\"total_fees_in_base_currency\":\"0.353304363406471886641460\",\"number_moves\":23,\"active\":false,\"user_balloon_id\":12,\"nullified\":false,\"busy\":false,\"last_busy_timestamp\":\"2018-12-28 19:22:24\"},{\"balloon_id\":12957,\"heleum_user\":3,\"launch_currency\":\"USD\",\"launch_amount\":\"8.92\",\"primed_timestamp\":\"2017-12-13 01:28:01\",\"total_fees_in_base_currency\":\"0.79904308237830\",\"number_moves\":6,\"active\":false,\"user_balloon_id\":11,\"nullified\":false,\"busy\":false,\"last_busy_timestamp\":null},{\"balloon_id\":7501,\"heleum_user\":3,\"launch_currency\":\"USD\",\"launch_amount\":\"6.15\",\"primed_timestamp\":\"2017-11-29 13:21:01\",\"total_fees_in_base_currency\":\"1.365640988185564532492500\",\"number_moves\":32,\"active\":false,\"user_balloon_id\":10,\"nullified\":false,\"busy\":false,\"last_busy_timestamp\":\"2018-12-18 09:17:03\"},{\"balloon_id\":6022,\"heleum_user\":3,\"launch_currency\":\"USD\",\"launch_amount\":\"5.66\",\"primed_timestamp\":\"2017-11-25 12:55:06\",\"total_fees_in_base_currency\":\"0.33249018369452437002160\",\"number_moves\":4,\"active\":false,\"user_balloon_id\":9,\"nullified\":false,\"busy\":false,\"last_busy_timestamp\":null},{\"balloon_id\":5609,\"heleum_user\":3,\"launch_currency\":\"USD\",\"launch_amount\":\"5.88\",\"primed_timestamp\":\"2017-11-23 10:32:45\",\"total_fees_in_base_currency\":\"1.250485104724782095428560\",\"number_moves\":13,\"active\":false,\"user_balloon_id\":8,\"nullified\":false,\"busy\":false,\"last_busy_timestamp\":null},{\"balloon_id\":4875,\"heleum_user\":3,\"launch_currency\":\"USD\",\"launch_amount\":\"5.49\",\"primed_timestamp\":\"2017-11-18 23:40:01\",\"total_fees_in_base_currency\":\"2.091892603340865011687439035\",\"number_moves\":39,\"active\":false,\"user_balloon_id\":7,\"nullified\":false,\"busy\":false,\"last_busy_timestamp\":\"2018-12-17 21:24:55\"},{\"balloon_id\":4576,\"heleum_user\":3,\"launch_currency\":\"USD\",\"launch_amount\":\"5.49\",\"primed_timestamp\":\"2017-11-16 23:33:39\",\"total_fees_in_base_currency\":\"0.166860\",\"number_moves\":2,\"active\":false,\"user_balloon_id\":6,\"nullified\":false,\"busy\":false,\"last_busy_timestamp\":null},{\"balloon_id\":4326,\"heleum_user\":3,\"launch_currency\":\"USD\",\"launch_amount\":\"5.40\",\"primed_timestamp\":\"2017-11-16 22:37:38\",\"total_fees_in_base_currency\":\"0.155600\",\"number_moves\":2,\"active\":false,\"user_balloon_id\":5,\"nullified\":false,\"busy\":false,\"last_busy_timestamp\":null},{\"balloon_id\":4119,\"heleum_user\":3,\"launch_currency\":\"USD\",\"launch_amount\":\"5.00\",\"primed_timestamp\":\"2017-11-14 15:30:02\",\"total_fees_in_base_currency\":\"0.2960930105997842703495658354\",\"number_moves\":4,\"active\":false,\"user_balloon_id\":4,\"nullified\":false,\"busy\":false,\"last_busy_timestamp\":null},{\"balloon_id\":3998,\"heleum_user\":3,\"launch_currency\":\"USD\",\"launch_amount\":\"5.00\",\"primed_timestamp\":\"2017-11-12 05:10:02\",\"total_fees_in_base_currency\":\"0.6894621973078588260312507884\",\"number_moves\":9,\"active\":false,\"user_balloon_id\":3,\"nullified\":false,\"busy\":false,\"last_busy_timestamp\":null},{\"balloon_id\":3872,\"heleum_user\":3,\"launch_currency\":\"USD\",\"launch_amount\":\"5.00\",\"primed_timestamp\":\"2017-11-10 05:10:00\",\"total_fees_in_base_currency\":\"0.3028998851877762020404165524\",\"number_moves\":4,\"active\":false,\"user_balloon_id\":2,\"nullified\":false,\"busy\":false,\"last_busy_timestamp\":null},{\"balloon_id\":3743,\"heleum_user\":3,\"launch_currency\":\"USD\",\"launch_amount\":\"5.00\",\"primed_timestamp\":\"2017-11-08 05:00:01\",\"total_fees_in_base_currency\":\"2.893228597915431033089824882\",\"number_moves\":52,\"active\":false,\"user_balloon_id\":1,\"nullified\":false,\"busy\":false,\"last_busy_timestamp\":\"2018-12-29 23:44:23\"}])"}} 
[2019-03-01 20:56:49] local.DEBUG: Account Data {"data":{"activeBalloonAmounts":0,"notInBalloons":1.75,"balance":1.75,"currency":"USD","currencyMark":"$","performance7DaySymbol":"+","performance7Day":"my 7 day performance","activeBalloons":"[object] (Illuminate\\Database\\Eloquent\\Collection: [])","poppedBalloons":"[object] (Illuminate\\Database\\Eloquent\\Collection: [{\"balloon_id\":57910,\"heleum_user\":3,\"launch_currency\":\"USD\",\"launch_amount\":\"3.05\",\"primed_timestamp\":\"2019-01-02 23:24:40\",\"total_fees_in_base_currency\":\"0.151307676289306815561190\",\"number_moves\":11,\"active\":false,\"user_balloon_id\":14,\"nullified\":false,\"busy\":false,\"last_busy_timestamp\":\"2019-01-20 17:05:36\"},{\"balloon_id\":16647,\"heleum_user\":3,\"launch_currency\":\"USD\",\"launch_amount\":\"5.24\",\"primed_timestamp\":\"2017-12-21 05:00:00\",\"total_fees_in_base_currency\":\"0.836176941282434656319030\",\"number_moves\":30,\"active\":false,\"user_balloon_id\":13,\"nullified\":false,\"busy\":false,\"last_busy_timestamp\":\"2018-12-18 15:49:48\"},{\"balloon_id\":15536,\"heleum_user\":3,\"launch_currency\":\"USD\",\"launch_amount\":\"5.23\",\"primed_timestamp\":\"2017-12-19 04:53:51\",\"total_fees_in_base_currency\":\"0.353304363406471886641460\",\"number_moves\":23,\"active\":false,\"user_balloon_id\":12,\"nullified\":false,\"busy\":false,\"last_busy_timestamp\":\"2018-12-28 19:22:24\"},{\"balloon_id\":12957,\"heleum_user\":3,\"launch_currency\":\"USD\",\"launch_amount\":\"8.92\",\"primed_timestamp\":\"2017-12-13 01:28:01\",\"total_fees_in_base_currency\":\"0.79904308237830\",\"number_moves\":6,\"active\":false,\"user_balloon_id\":11,\"nullified\":false,\"busy\":false,\"last_busy_timestamp\":null},{\"balloon_id\":7501,\"heleum_user\":3,\"launch_currency\":\"USD\",\"launch_amount\":\"6.15\",\"primed_timestamp\":\"2017-11-29 13:21:01\",\"total_fees_in_base_currency\":\"1.365640988185564532492500\",\"number_moves\":32,\"active\":false,\"user_balloon_id\":10,\"nullified\":false,\"busy\":false,\"last_busy_timestamp\":\"2018-12-18 09:17:03\"},{\"balloon_id\":6022,\"heleum_user\":3,\"launch_currency\":\"USD\",\"launch_amount\":\"5.66\",\"primed_timestamp\":\"2017-11-25 12:55:06\",\"total_fees_in_base_currency\":\"0.33249018369452437002160\",\"number_moves\":4,\"active\":false,\"user_balloon_id\":9,\"nullified\":false,\"busy\":false,\"last_busy_timestamp\":null},{\"balloon_id\":5609,\"heleum_user\":3,\"launch_currency\":\"USD\",\"launch_amount\":\"5.88\",\"primed_timestamp\":\"2017-11-23 10:32:45\",\"total_fees_in_base_currency\":\"1.250485104724782095428560\",\"number_moves\":13,\"active\":false,\"user_balloon_id\":8,\"nullified\":false,\"busy\":false,\"last_busy_timestamp\":null},{\"balloon_id\":4875,\"heleum_user\":3,\"launch_currency\":\"USD\",\"launch_amount\":\"5.49\",\"primed_timestamp\":\"2017-11-18 23:40:01\",\"total_fees_in_base_currency\":\"2.091892603340865011687439035\",\"number_moves\":39,\"active\":false,\"user_balloon_id\":7,\"nullified\":false,\"busy\":false,\"last_busy_timestamp\":\"2018-12-17 21:24:55\"},{\"balloon_id\":4576,\"heleum_user\":3,\"launch_currency\":\"USD\",\"launch_amount\":\"5.49\",\"primed_timestamp\":\"2017-11-16 23:33:39\",\"total_fees_in_base_currency\":\"0.166860\",\"number_moves\":2,\"active\":false,\"user_balloon_id\":6,\"nullified\":false,\"busy\":false,\"last_busy_timestamp\":null},{\"balloon_id\":4326,\"heleum_user\":3,\"launch_currency\":\"USD\",\"launch_amount\":\"5.40\",\"primed_timestamp\":\"2017-11-16 22:37:38\",\"total_fees_in_base_currency\":\"0.155600\",\"number_moves\":2,\"active\":false,\"user_balloon_id\":5,\"nullified\":false,\"busy\":false,\"last_busy_timestamp\":null},{\"balloon_id\":4119,\"heleum_user\":3,\"launch_currency\":\"USD\",\"launch_amount\":\"5.00\",\"primed_timestamp\":\"2017-11-14 15:30:02\",\"total_fees_in_base_currency\":\"0.2960930105997842703495658354\",\"number_moves\":4,\"active\":false,\"user_balloon_id\":4,\"nullified\":false,\"busy\":false,\"last_busy_timestamp\":null},{\"balloon_id\":3998,\"heleum_user\":3,\"launch_currency\":\"USD\",\"launch_amount\":\"5.00\",\"primed_timestamp\":\"2017-11-12 05:10:02\",\"total_fees_in_base_currency\":\"0.6894621973078588260312507884\",\"number_moves\":9,\"active\":false,\"user_balloon_id\":3,\"nullified\":false,\"busy\":false,\"last_busy_timestamp\":null},{\"balloon_id\":3872,\"heleum_user\":3,\"launch_currency\":\"USD\",\"launch_amount\":\"5.00\",\"primed_timestamp\":\"2017-11-10 05:10:00\",\"total_fees_in_base_currency\":\"0.3028998851877762020404165524\",\"number_moves\":4,\"active\":false,\"user_balloon_id\":2,\"nullified\":false,\"busy\":false,\"last_busy_timestamp\":null},{\"balloon_id\":3743,\"heleum_user\":3,\"launch_currency\":\"USD\",\"launch_amount\":\"5.00\",\"primed_timestamp\":\"2017-11-08 05:00:01\",\"total_fees_in_base_currency\":\"2.893228597915431033089824882\",\"number_moves\":52,\"active\":false,\"user_balloon_id\":1,\"nullified\":false,\"busy\":false,\"last_busy_timestamp\":\"2018-12-29 23:44:23\"}])"}} 
[2019-03-01 21:03:24] local.DEBUG: Account Data {"data":{"activeBalloonAmounts":0,"notInBalloons":1.75,"balance":1.75,"currency":"USD","currencyMark":"$","performance7DaySymbol":"+","performance7Day":"my 7 day performance","activeBalloons":"[object] (Illuminate\\Database\\Eloquent\\Collection: [])","poppedBalloons":"[object] (Illuminate\\Database\\Eloquent\\Collection: [{\"balloon_id\":57910,\"heleum_user\":3,\"launch_currency\":\"USD\",\"launch_amount\":\"3.05\",\"primed_timestamp\":\"2019-01-02 23:24:40\",\"total_fees_in_base_currency\":\"0.151307676289306815561190\",\"number_moves\":11,\"active\":false,\"user_balloon_id\":14,\"nullified\":false,\"busy\":false,\"last_busy_timestamp\":\"2019-01-20 17:05:36\"},{\"balloon_id\":16647,\"heleum_user\":3,\"launch_currency\":\"USD\",\"launch_amount\":\"5.24\",\"primed_timestamp\":\"2017-12-21 05:00:00\",\"total_fees_in_base_currency\":\"0.836176941282434656319030\",\"number_moves\":30,\"active\":false,\"user_balloon_id\":13,\"nullified\":false,\"busy\":false,\"last_busy_timestamp\":\"2018-12-18 15:49:48\"},{\"balloon_id\":15536,\"heleum_user\":3,\"launch_currency\":\"USD\",\"launch_amount\":\"5.23\",\"primed_timestamp\":\"2017-12-19 04:53:51\",\"total_fees_in_base_currency\":\"0.353304363406471886641460\",\"number_moves\":23,\"active\":false,\"user_balloon_id\":12,\"nullified\":false,\"busy\":false,\"last_busy_timestamp\":\"2018-12-28 19:22:24\"},{\"balloon_id\":12957,\"heleum_user\":3,\"launch_currency\":\"USD\",\"launch_amount\":\"8.92\",\"primed_timestamp\":\"2017-12-13 01:28:01\",\"total_fees_in_base_currency\":\"0.79904308237830\",\"number_moves\":6,\"active\":false,\"user_balloon_id\":11,\"nullified\":false,\"busy\":false,\"last_busy_timestamp\":null},{\"balloon_id\":7501,\"heleum_user\":3,\"launch_currency\":\"USD\",\"launch_amount\":\"6.15\",\"primed_timestamp\":\"2017-11-29 13:21:01\",\"total_fees_in_base_currency\":\"1.365640988185564532492500\",\"number_moves\":32,\"active\":false,\"user_balloon_id\":10,\"nullified\":false,\"busy\":false,\"last_busy_timestamp\":\"2018-12-18 09:17:03\"},{\"balloon_id\":6022,\"heleum_user\":3,\"launch_currency\":\"USD\",\"launch_amount\":\"5.66\",\"primed_timestamp\":\"2017-11-25 12:55:06\",\"total_fees_in_base_currency\":\"0.33249018369452437002160\",\"number_moves\":4,\"active\":false,\"user_balloon_id\":9,\"nullified\":false,\"busy\":false,\"last_busy_timestamp\":null},{\"balloon_id\":5609,\"heleum_user\":3,\"launch_currency\":\"USD\",\"launch_amount\":\"5.88\",\"primed_timestamp\":\"2017-11-23 10:32:45\",\"total_fees_in_base_currency\":\"1.250485104724782095428560\",\"number_moves\":13,\"active\":false,\"user_balloon_id\":8,\"nullified\":false,\"busy\":false,\"last_busy_timestamp\":null},{\"balloon_id\":4875,\"heleum_user\":3,\"launch_currency\":\"USD\",\"launch_amount\":\"5.49\",\"primed_timestamp\":\"2017-11-18 23:40:01\",\"total_fees_in_base_currency\":\"2.091892603340865011687439035\",\"number_moves\":39,\"active\":false,\"user_balloon_id\":7,\"nullified\":false,\"busy\":false,\"last_busy_timestamp\":\"2018-12-17 21:24:55\"},{\"balloon_id\":4576,\"heleum_user\":3,\"launch_currency\":\"USD\",\"launch_amount\":\"5.49\",\"primed_timestamp\":\"2017-11-16 23:33:39\",\"total_fees_in_base_currency\":\"0.166860\",\"number_moves\":2,\"active\":false,\"user_balloon_id\":6,\"nullified\":false,\"busy\":false,\"last_busy_timestamp\":null},{\"balloon_id\":4326,\"heleum_user\":3,\"launch_currency\":\"USD\",\"launch_amount\":\"5.40\",\"primed_timestamp\":\"2017-11-16 22:37:38\",\"total_fees_in_base_currency\":\"0.155600\",\"number_moves\":2,\"active\":false,\"user_balloon_id\":5,\"nullified\":false,\"busy\":false,\"last_busy_timestamp\":null},{\"balloon_id\":4119,\"heleum_user\":3,\"launch_currency\":\"USD\",\"launch_amount\":\"5.00\",\"primed_timestamp\":\"2017-11-14 15:30:02\",\"total_fees_in_base_currency\":\"0.2960930105997842703495658354\",\"number_moves\":4,\"active\":false,\"user_balloon_id\":4,\"nullified\":false,\"busy\":false,\"last_busy_timestamp\":null},{\"balloon_id\":3998,\"heleum_user\":3,\"launch_currency\":\"USD\",\"launch_amount\":\"5.00\",\"primed_timestamp\":\"2017-11-12 05:10:02\",\"total_fees_in_base_currency\":\"0.6894621973078588260312507884\",\"number_moves\":9,\"active\":false,\"user_balloon_id\":3,\"nullified\":false,\"busy\":false,\"last_busy_timestamp\":null},{\"balloon_id\":3872,\"heleum_user\":3,\"launch_currency\":\"USD\",\"launch_amount\":\"5.00\",\"primed_timestamp\":\"2017-11-10 05:10:00\",\"total_fees_in_base_currency\":\"0.3028998851877762020404165524\",\"number_moves\":4,\"active\":false,\"user_balloon_id\":2,\"nullified\":false,\"busy\":false,\"last_busy_timestamp\":null},{\"balloon_id\":3743,\"heleum_user\":3,\"launch_currency\":\"USD\",\"launch_amount\":\"5.00\",\"primed_timestamp\":\"2017-11-08 05:00:01\",\"total_fees_in_base_currency\":\"2.893228597915431033089824882\",\"number_moves\":52,\"active\":false,\"user_balloon_id\":1,\"nullified\":false,\"busy\":false,\"last_busy_timestamp\":\"2018-12-29 23:44:23\"}])"}} 
[2019-03-01 21:07:32] local.DEBUG: Account Data {"data":{"activeBalloonAmounts":0,"notInBalloons":1.75,"balance":1.75,"currency":"USD","currencyMark":"$","performance7DaySymbol":"+","performance7Day":"my 7 day performance","activeBalloons":"[object] (Illuminate\\Database\\Eloquent\\Collection: [])","poppedBalloons":"[object] (Illuminate\\Database\\Eloquent\\Collection: [{\"balloon_id\":57910,\"heleum_user\":3,\"launch_currency\":\"USD\",\"launch_amount\":\"3.05\",\"primed_timestamp\":\"2019-01-02 23:24:40\",\"total_fees_in_base_currency\":\"0.151307676289306815561190\",\"number_moves\":11,\"active\":false,\"user_balloon_id\":14,\"nullified\":false,\"busy\":false,\"last_busy_timestamp\":\"2019-01-20 17:05:36\"},{\"balloon_id\":16647,\"heleum_user\":3,\"launch_currency\":\"USD\",\"launch_amount\":\"5.24\",\"primed_timestamp\":\"2017-12-21 05:00:00\",\"total_fees_in_base_currency\":\"0.836176941282434656319030\",\"number_moves\":30,\"active\":false,\"user_balloon_id\":13,\"nullified\":false,\"busy\":false,\"last_busy_timestamp\":\"2018-12-18 15:49:48\"},{\"balloon_id\":15536,\"heleum_user\":3,\"launch_currency\":\"USD\",\"launch_amount\":\"5.23\",\"primed_timestamp\":\"2017-12-19 04:53:51\",\"total_fees_in_base_currency\":\"0.353304363406471886641460\",\"number_moves\":23,\"active\":false,\"user_balloon_id\":12,\"nullified\":false,\"busy\":false,\"last_busy_timestamp\":\"2018-12-28 19:22:24\"},{\"balloon_id\":12957,\"heleum_user\":3,\"launch_currency\":\"USD\",\"launch_amount\":\"8.92\",\"primed_timestamp\":\"2017-12-13 01:28:01\",\"total_fees_in_base_currency\":\"0.79904308237830\",\"number_moves\":6,\"active\":false,\"user_balloon_id\":11,\"nullified\":false,\"busy\":false,\"last_busy_timestamp\":null},{\"balloon_id\":7501,\"heleum_user\":3,\"launch_currency\":\"USD\",\"launch_amount\":\"6.15\",\"primed_timestamp\":\"2017-11-29 13:21:01\",\"total_fees_in_base_currency\":\"1.365640988185564532492500\",\"number_moves\":32,\"active\":false,\"user_balloon_id\":10,\"nullified\":false,\"busy\":false,\"last_busy_timestamp\":\"2018-12-18 09:17:03\"},{\"balloon_id\":6022,\"heleum_user\":3,\"launch_currency\":\"USD\",\"launch_amount\":\"5.66\",\"primed_timestamp\":\"2017-11-25 12:55:06\",\"total_fees_in_base_currency\":\"0.33249018369452437002160\",\"number_moves\":4,\"active\":false,\"user_balloon_id\":9,\"nullified\":false,\"busy\":false,\"last_busy_timestamp\":null},{\"balloon_id\":5609,\"heleum_user\":3,\"launch_currency\":\"USD\",\"launch_amount\":\"5.88\",\"primed_timestamp\":\"2017-11-23 10:32:45\",\"total_fees_in_base_currency\":\"1.250485104724782095428560\",\"number_moves\":13,\"active\":false,\"user_balloon_id\":8,\"nullified\":false,\"busy\":false,\"last_busy_timestamp\":null},{\"balloon_id\":4875,\"heleum_user\":3,\"launch_currency\":\"USD\",\"launch_amount\":\"5.49\",\"primed_timestamp\":\"2017-11-18 23:40:01\",\"total_fees_in_base_currency\":\"2.091892603340865011687439035\",\"number_moves\":39,\"active\":false,\"user_balloon_id\":7,\"nullified\":false,\"busy\":false,\"last_busy_timestamp\":\"2018-12-17 21:24:55\"},{\"balloon_id\":4576,\"heleum_user\":3,\"launch_currency\":\"USD\",\"launch_amount\":\"5.49\",\"primed_timestamp\":\"2017-11-16 23:33:39\",\"total_fees_in_base_currency\":\"0.166860\",\"number_moves\":2,\"active\":false,\"user_balloon_id\":6,\"nullified\":false,\"busy\":false,\"last_busy_timestamp\":null},{\"balloon_id\":4326,\"heleum_user\":3,\"launch_currency\":\"USD\",\"launch_amount\":\"5.40\",\"primed_timestamp\":\"2017-11-16 22:37:38\",\"total_fees_in_base_currency\":\"0.155600\",\"number_moves\":2,\"active\":false,\"user_balloon_id\":5,\"nullified\":false,\"busy\":false,\"last_busy_timestamp\":null},{\"balloon_id\":4119,\"heleum_user\":3,\"launch_currency\":\"USD\",\"launch_amount\":\"5.00\",\"primed_timestamp\":\"2017-11-14 15:30:02\",\"total_fees_in_base_currency\":\"0.2960930105997842703495658354\",\"number_moves\":4,\"active\":false,\"user_balloon_id\":4,\"nullified\":false,\"busy\":false,\"last_busy_timestamp\":null},{\"balloon_id\":3998,\"heleum_user\":3,\"launch_currency\":\"USD\",\"launch_amount\":\"5.00\",\"primed_timestamp\":\"2017-11-12 05:10:02\",\"total_fees_in_base_currency\":\"0.6894621973078588260312507884\",\"number_moves\":9,\"active\":false,\"user_balloon_id\":3,\"nullified\":false,\"busy\":false,\"last_busy_timestamp\":null},{\"balloon_id\":3872,\"heleum_user\":3,\"launch_currency\":\"USD\",\"launch_amount\":\"5.00\",\"primed_timestamp\":\"2017-11-10 05:10:00\",\"total_fees_in_base_currency\":\"0.3028998851877762020404165524\",\"number_moves\":4,\"active\":false,\"user_balloon_id\":2,\"nullified\":false,\"busy\":false,\"last_busy_timestamp\":null},{\"balloon_id\":3743,\"heleum_user\":3,\"launch_currency\":\"USD\",\"launch_amount\":\"5.00\",\"primed_timestamp\":\"2017-11-08 05:00:01\",\"total_fees_in_base_currency\":\"2.893228597915431033089824882\",\"number_moves\":52,\"active\":false,\"user_balloon_id\":1,\"nullified\":false,\"busy\":false,\"last_busy_timestamp\":\"2018-12-29 23:44:23\"}])"}} 
[2019-03-01 21:07:47] local.DEBUG: Account Data {"data":{"activeBalloonAmounts":0,"notInBalloons":1.75,"balance":1.75,"currency":"USD","currencyMark":"$","performance7DaySymbol":"+","performance7Day":"my 7 day performance","activeBalloons":"[object] (Illuminate\\Database\\Eloquent\\Collection: [])","poppedBalloons":"[object] (Illuminate\\Database\\Eloquent\\Collection: [{\"balloon_id\":57910,\"heleum_user\":3,\"launch_currency\":\"USD\",\"launch_amount\":\"3.05\",\"primed_timestamp\":\"2019-01-02 23:24:40\",\"total_fees_in_base_currency\":\"0.151307676289306815561190\",\"number_moves\":11,\"active\":false,\"user_balloon_id\":14,\"nullified\":false,\"busy\":false,\"last_busy_timestamp\":\"2019-01-20 17:05:36\"},{\"balloon_id\":16647,\"heleum_user\":3,\"launch_currency\":\"USD\",\"launch_amount\":\"5.24\",\"primed_timestamp\":\"2017-12-21 05:00:00\",\"total_fees_in_base_currency\":\"0.836176941282434656319030\",\"number_moves\":30,\"active\":false,\"user_balloon_id\":13,\"nullified\":false,\"busy\":false,\"last_busy_timestamp\":\"2018-12-18 15:49:48\"},{\"balloon_id\":15536,\"heleum_user\":3,\"launch_currency\":\"USD\",\"launch_amount\":\"5.23\",\"primed_timestamp\":\"2017-12-19 04:53:51\",\"total_fees_in_base_currency\":\"0.353304363406471886641460\",\"number_moves\":23,\"active\":false,\"user_balloon_id\":12,\"nullified\":false,\"busy\":false,\"last_busy_timestamp\":\"2018-12-28 19:22:24\"},{\"balloon_id\":12957,\"heleum_user\":3,\"launch_currency\":\"USD\",\"launch_amount\":\"8.92\",\"primed_timestamp\":\"2017-12-13 01:28:01\",\"total_fees_in_base_currency\":\"0.79904308237830\",\"number_moves\":6,\"active\":false,\"user_balloon_id\":11,\"nullified\":false,\"busy\":false,\"last_busy_timestamp\":null},{\"balloon_id\":7501,\"heleum_user\":3,\"launch_currency\":\"USD\",\"launch_amount\":\"6.15\",\"primed_timestamp\":\"2017-11-29 13:21:01\",\"total_fees_in_base_currency\":\"1.365640988185564532492500\",\"number_moves\":32,\"active\":false,\"user_balloon_id\":10,\"nullified\":false,\"busy\":false,\"last_busy_timestamp\":\"2018-12-18 09:17:03\"},{\"balloon_id\":6022,\"heleum_user\":3,\"launch_currency\":\"USD\",\"launch_amount\":\"5.66\",\"primed_timestamp\":\"2017-11-25 12:55:06\",\"total_fees_in_base_currency\":\"0.33249018369452437002160\",\"number_moves\":4,\"active\":false,\"user_balloon_id\":9,\"nullified\":false,\"busy\":false,\"last_busy_timestamp\":null},{\"balloon_id\":5609,\"heleum_user\":3,\"launch_currency\":\"USD\",\"launch_amount\":\"5.88\",\"primed_timestamp\":\"2017-11-23 10:32:45\",\"total_fees_in_base_currency\":\"1.250485104724782095428560\",\"number_moves\":13,\"active\":false,\"user_balloon_id\":8,\"nullified\":false,\"busy\":false,\"last_busy_timestamp\":null},{\"balloon_id\":4875,\"heleum_user\":3,\"launch_currency\":\"USD\",\"launch_amount\":\"5.49\",\"primed_timestamp\":\"2017-11-18 23:40:01\",\"total_fees_in_base_currency\":\"2.091892603340865011687439035\",\"number_moves\":39,\"active\":false,\"user_balloon_id\":7,\"nullified\":false,\"busy\":false,\"last_busy_timestamp\":\"2018-12-17 21:24:55\"},{\"balloon_id\":4576,\"heleum_user\":3,\"launch_currency\":\"USD\",\"launch_amount\":\"5.49\",\"primed_timestamp\":\"2017-11-16 23:33:39\",\"total_fees_in_base_currency\":\"0.166860\",\"number_moves\":2,\"active\":false,\"user_balloon_id\":6,\"nullified\":false,\"busy\":false,\"last_busy_timestamp\":null},{\"balloon_id\":4326,\"heleum_user\":3,\"launch_currency\":\"USD\",\"launch_amount\":\"5.40\",\"primed_timestamp\":\"2017-11-16 22:37:38\",\"total_fees_in_base_currency\":\"0.155600\",\"number_moves\":2,\"active\":false,\"user_balloon_id\":5,\"nullified\":false,\"busy\":false,\"last_busy_timestamp\":null},{\"balloon_id\":4119,\"heleum_user\":3,\"launch_currency\":\"USD\",\"launch_amount\":\"5.00\",\"primed_timestamp\":\"2017-11-14 15:30:02\",\"total_fees_in_base_currency\":\"0.2960930105997842703495658354\",\"number_moves\":4,\"active\":false,\"user_balloon_id\":4,\"nullified\":false,\"busy\":false,\"last_busy_timestamp\":null},{\"balloon_id\":3998,\"heleum_user\":3,\"launch_currency\":\"USD\",\"launch_amount\":\"5.00\",\"primed_timestamp\":\"2017-11-12 05:10:02\",\"total_fees_in_base_currency\":\"0.6894621973078588260312507884\",\"number_moves\":9,\"active\":false,\"user_balloon_id\":3,\"nullified\":false,\"busy\":false,\"last_busy_timestamp\":null},{\"balloon_id\":3872,\"heleum_user\":3,\"launch_currency\":\"USD\",\"launch_amount\":\"5.00\",\"primed_timestamp\":\"2017-11-10 05:10:00\",\"total_fees_in_base_currency\":\"0.3028998851877762020404165524\",\"number_moves\":4,\"active\":false,\"user_balloon_id\":2,\"nullified\":false,\"busy\":false,\"last_busy_timestamp\":null},{\"balloon_id\":3743,\"heleum_user\":3,\"launch_currency\":\"USD\",\"launch_amount\":\"5.00\",\"primed_timestamp\":\"2017-11-08 05:00:01\",\"total_fees_in_base_currency\":\"2.893228597915431033089824882\",\"number_moves\":52,\"active\":false,\"user_balloon_id\":1,\"nullified\":false,\"busy\":false,\"last_busy_timestamp\":\"2018-12-29 23:44:23\"}])"}} 
[2019-03-01 21:12:22] local.DEBUG: Account Data {"data":{"activeBalloonAmounts":0,"notInBalloons":1.75,"balance":1.75,"currency":"USD","currencyMark":"$","performance7DaySymbol":"+","performance7Day":"my 7 day performance","activeBalloons":"[object] (Illuminate\\Database\\Eloquent\\Collection: [])","poppedBalloons":"[object] (Illuminate\\Database\\Eloquent\\Collection: [{\"balloon_id\":57910,\"heleum_user\":3,\"launch_currency\":\"USD\",\"launch_amount\":\"3.05\",\"primed_timestamp\":\"2019-01-02 23:24:40\",\"total_fees_in_base_currency\":\"0.151307676289306815561190\",\"number_moves\":11,\"active\":false,\"user_balloon_id\":14,\"nullified\":false,\"busy\":false,\"last_busy_timestamp\":\"2019-01-20 17:05:36\"},{\"balloon_id\":16647,\"heleum_user\":3,\"launch_currency\":\"USD\",\"launch_amount\":\"5.24\",\"primed_timestamp\":\"2017-12-21 05:00:00\",\"total_fees_in_base_currency\":\"0.836176941282434656319030\",\"number_moves\":30,\"active\":false,\"user_balloon_id\":13,\"nullified\":false,\"busy\":false,\"last_busy_timestamp\":\"2018-12-18 15:49:48\"},{\"balloon_id\":15536,\"heleum_user\":3,\"launch_currency\":\"USD\",\"launch_amount\":\"5.23\",\"primed_timestamp\":\"2017-12-19 04:53:51\",\"total_fees_in_base_currency\":\"0.353304363406471886641460\",\"number_moves\":23,\"active\":false,\"user_balloon_id\":12,\"nullified\":false,\"busy\":false,\"last_busy_timestamp\":\"2018-12-28 19:22:24\"},{\"balloon_id\":12957,\"heleum_user\":3,\"launch_currency\":\"USD\",\"launch_amount\":\"8.92\",\"primed_timestamp\":\"2017-12-13 01:28:01\",\"total_fees_in_base_currency\":\"0.79904308237830\",\"number_moves\":6,\"active\":false,\"user_balloon_id\":11,\"nullified\":false,\"busy\":false,\"last_busy_timestamp\":null},{\"balloon_id\":7501,\"heleum_user\":3,\"launch_currency\":\"USD\",\"launch_amount\":\"6.15\",\"primed_timestamp\":\"2017-11-29 13:21:01\",\"total_fees_in_base_currency\":\"1.365640988185564532492500\",\"number_moves\":32,\"active\":false,\"user_balloon_id\":10,\"nullified\":false,\"busy\":false,\"last_busy_timestamp\":\"2018-12-18 09:17:03\"},{\"balloon_id\":6022,\"heleum_user\":3,\"launch_currency\":\"USD\",\"launch_amount\":\"5.66\",\"primed_timestamp\":\"2017-11-25 12:55:06\",\"total_fees_in_base_currency\":\"0.33249018369452437002160\",\"number_moves\":4,\"active\":false,\"user_balloon_id\":9,\"nullified\":false,\"busy\":false,\"last_busy_timestamp\":null},{\"balloon_id\":5609,\"heleum_user\":3,\"launch_currency\":\"USD\",\"launch_amount\":\"5.88\",\"primed_timestamp\":\"2017-11-23 10:32:45\",\"total_fees_in_base_currency\":\"1.250485104724782095428560\",\"number_moves\":13,\"active\":false,\"user_balloon_id\":8,\"nullified\":false,\"busy\":false,\"last_busy_timestamp\":null},{\"balloon_id\":4875,\"heleum_user\":3,\"launch_currency\":\"USD\",\"launch_amount\":\"5.49\",\"primed_timestamp\":\"2017-11-18 23:40:01\",\"total_fees_in_base_currency\":\"2.091892603340865011687439035\",\"number_moves\":39,\"active\":false,\"user_balloon_id\":7,\"nullified\":false,\"busy\":false,\"last_busy_timestamp\":\"2018-12-17 21:24:55\"},{\"balloon_id\":4576,\"heleum_user\":3,\"launch_currency\":\"USD\",\"launch_amount\":\"5.49\",\"primed_timestamp\":\"2017-11-16 23:33:39\",\"total_fees_in_base_currency\":\"0.166860\",\"number_moves\":2,\"active\":false,\"user_balloon_id\":6,\"nullified\":false,\"busy\":false,\"last_busy_timestamp\":null},{\"balloon_id\":4326,\"heleum_user\":3,\"launch_currency\":\"USD\",\"launch_amount\":\"5.40\",\"primed_timestamp\":\"2017-11-16 22:37:38\",\"total_fees_in_base_currency\":\"0.155600\",\"number_moves\":2,\"active\":false,\"user_balloon_id\":5,\"nullified\":false,\"busy\":false,\"last_busy_timestamp\":null},{\"balloon_id\":4119,\"heleum_user\":3,\"launch_currency\":\"USD\",\"launch_amount\":\"5.00\",\"primed_timestamp\":\"2017-11-14 15:30:02\",\"total_fees_in_base_currency\":\"0.2960930105997842703495658354\",\"number_moves\":4,\"active\":false,\"user_balloon_id\":4,\"nullified\":false,\"busy\":false,\"last_busy_timestamp\":null},{\"balloon_id\":3998,\"heleum_user\":3,\"launch_currency\":\"USD\",\"launch_amount\":\"5.00\",\"primed_timestamp\":\"2017-11-12 05:10:02\",\"total_fees_in_base_currency\":\"0.6894621973078588260312507884\",\"number_moves\":9,\"active\":false,\"user_balloon_id\":3,\"nullified\":false,\"busy\":false,\"last_busy_timestamp\":null},{\"balloon_id\":3872,\"heleum_user\":3,\"launch_currency\":\"USD\",\"launch_amount\":\"5.00\",\"primed_timestamp\":\"2017-11-10 05:10:00\",\"total_fees_in_base_currency\":\"0.3028998851877762020404165524\",\"number_moves\":4,\"active\":false,\"user_balloon_id\":2,\"nullified\":false,\"busy\":false,\"last_busy_timestamp\":null},{\"balloon_id\":3743,\"heleum_user\":3,\"launch_currency\":\"USD\",\"launch_amount\":\"5.00\",\"primed_timestamp\":\"2017-11-08 05:00:01\",\"total_fees_in_base_currency\":\"2.893228597915431033089824882\",\"number_moves\":52,\"active\":false,\"user_balloon_id\":1,\"nullified\":false,\"busy\":false,\"last_busy_timestamp\":\"2018-12-29 23:44:23\"}])"}} 
[2019-03-01 21:13:09] local.DEBUG: Account Data {"data":{"activeBalloonAmounts":0,"notInBalloons":1.75,"balance":1.75,"currency":"USD","currencyMark":"$","performance7DaySymbol":"+","performance7Day":"my 7 day performance","activeBalloons":"[object] (Illuminate\\Database\\Eloquent\\Collection: [])","poppedBalloons":"[object] (Illuminate\\Database\\Eloquent\\Collection: [{\"balloon_id\":57910,\"heleum_user\":3,\"launch_currency\":\"USD\",\"launch_amount\":\"3.05\",\"primed_timestamp\":\"2019-01-02 23:24:40\",\"total_fees_in_base_currency\":\"0.151307676289306815561190\",\"number_moves\":11,\"active\":false,\"user_balloon_id\":14,\"nullified\":false,\"busy\":false,\"last_busy_timestamp\":\"2019-01-20 17:05:36\"},{\"balloon_id\":16647,\"heleum_user\":3,\"launch_currency\":\"USD\",\"launch_amount\":\"5.24\",\"primed_timestamp\":\"2017-12-21 05:00:00\",\"total_fees_in_base_currency\":\"0.836176941282434656319030\",\"number_moves\":30,\"active\":false,\"user_balloon_id\":13,\"nullified\":false,\"busy\":false,\"last_busy_timestamp\":\"2018-12-18 15:49:48\"},{\"balloon_id\":15536,\"heleum_user\":3,\"launch_currency\":\"USD\",\"launch_amount\":\"5.23\",\"primed_timestamp\":\"2017-12-19 04:53:51\",\"total_fees_in_base_currency\":\"0.353304363406471886641460\",\"number_moves\":23,\"active\":false,\"user_balloon_id\":12,\"nullified\":false,\"busy\":false,\"last_busy_timestamp\":\"2018-12-28 19:22:24\"},{\"balloon_id\":12957,\"heleum_user\":3,\"launch_currency\":\"USD\",\"launch_amount\":\"8.92\",\"primed_timestamp\":\"2017-12-13 01:28:01\",\"total_fees_in_base_currency\":\"0.79904308237830\",\"number_moves\":6,\"active\":false,\"user_balloon_id\":11,\"nullified\":false,\"busy\":false,\"last_busy_timestamp\":null},{\"balloon_id\":7501,\"heleum_user\":3,\"launch_currency\":\"USD\",\"launch_amount\":\"6.15\",\"primed_timestamp\":\"2017-11-29 13:21:01\",\"total_fees_in_base_currency\":\"1.365640988185564532492500\",\"number_moves\":32,\"active\":false,\"user_balloon_id\":10,\"nullified\":false,\"busy\":false,\"last_busy_timestamp\":\"2018-12-18 09:17:03\"},{\"balloon_id\":6022,\"heleum_user\":3,\"launch_currency\":\"USD\",\"launch_amount\":\"5.66\",\"primed_timestamp\":\"2017-11-25 12:55:06\",\"total_fees_in_base_currency\":\"0.33249018369452437002160\",\"number_moves\":4,\"active\":false,\"user_balloon_id\":9,\"nullified\":false,\"busy\":false,\"last_busy_timestamp\":null},{\"balloon_id\":5609,\"heleum_user\":3,\"launch_currency\":\"USD\",\"launch_amount\":\"5.88\",\"primed_timestamp\":\"2017-11-23 10:32:45\",\"total_fees_in_base_currency\":\"1.250485104724782095428560\",\"number_moves\":13,\"active\":false,\"user_balloon_id\":8,\"nullified\":false,\"busy\":false,\"last_busy_timestamp\":null},{\"balloon_id\":4875,\"heleum_user\":3,\"launch_currency\":\"USD\",\"launch_amount\":\"5.49\",\"primed_timestamp\":\"2017-11-18 23:40:01\",\"total_fees_in_base_currency\":\"2.091892603340865011687439035\",\"number_moves\":39,\"active\":false,\"user_balloon_id\":7,\"nullified\":false,\"busy\":false,\"last_busy_timestamp\":\"2018-12-17 21:24:55\"},{\"balloon_id\":4576,\"heleum_user\":3,\"launch_currency\":\"USD\",\"launch_amount\":\"5.49\",\"primed_timestamp\":\"2017-11-16 23:33:39\",\"total_fees_in_base_currency\":\"0.166860\",\"number_moves\":2,\"active\":false,\"user_balloon_id\":6,\"nullified\":false,\"busy\":false,\"last_busy_timestamp\":null},{\"balloon_id\":4326,\"heleum_user\":3,\"launch_currency\":\"USD\",\"launch_amount\":\"5.40\",\"primed_timestamp\":\"2017-11-16 22:37:38\",\"total_fees_in_base_currency\":\"0.155600\",\"number_moves\":2,\"active\":false,\"user_balloon_id\":5,\"nullified\":false,\"busy\":false,\"last_busy_timestamp\":null},{\"balloon_id\":4119,\"heleum_user\":3,\"launch_currency\":\"USD\",\"launch_amount\":\"5.00\",\"primed_timestamp\":\"2017-11-14 15:30:02\",\"total_fees_in_base_currency\":\"0.2960930105997842703495658354\",\"number_moves\":4,\"active\":false,\"user_balloon_id\":4,\"nullified\":false,\"busy\":false,\"last_busy_timestamp\":null},{\"balloon_id\":3998,\"heleum_user\":3,\"launch_currency\":\"USD\",\"launch_amount\":\"5.00\",\"primed_timestamp\":\"2017-11-12 05:10:02\",\"total_fees_in_base_currency\":\"0.6894621973078588260312507884\",\"number_moves\":9,\"active\":false,\"user_balloon_id\":3,\"nullified\":false,\"busy\":false,\"last_busy_timestamp\":null},{\"balloon_id\":3872,\"heleum_user\":3,\"launch_currency\":\"USD\",\"launch_amount\":\"5.00\",\"primed_timestamp\":\"2017-11-10 05:10:00\",\"total_fees_in_base_currency\":\"0.3028998851877762020404165524\",\"number_moves\":4,\"active\":false,\"user_balloon_id\":2,\"nullified\":false,\"busy\":false,\"last_busy_timestamp\":null},{\"balloon_id\":3743,\"heleum_user\":3,\"launch_currency\":\"USD\",\"launch_amount\":\"5.00\",\"primed_timestamp\":\"2017-11-08 05:00:01\",\"total_fees_in_base_currency\":\"2.893228597915431033089824882\",\"number_moves\":52,\"active\":false,\"user_balloon_id\":1,\"nullified\":false,\"busy\":false,\"last_busy_timestamp\":\"2018-12-29 23:44:23\"}])"}} 
[2019-03-01 21:15:23] local.DEBUG: Account Data {"data":{"activeBalloonAmounts":0,"notInBalloons":1.75,"balance":1.75,"currency":"USD","currencyMark":"$","performance7DaySymbol":"+","performance7Day":"my 7 day performance","activeBalloons":"[object] (Illuminate\\Database\\Eloquent\\Collection: [])","poppedBalloons":"[object] (Illuminate\\Database\\Eloquent\\Collection: [{\"balloon_id\":57910,\"heleum_user\":3,\"launch_currency\":\"USD\",\"launch_amount\":\"3.05\",\"primed_timestamp\":\"2019-01-02 23:24:40\",\"total_fees_in_base_currency\":\"0.151307676289306815561190\",\"number_moves\":11,\"active\":false,\"user_balloon_id\":14,\"nullified\":false,\"busy\":false,\"last_busy_timestamp\":\"2019-01-20 17:05:36\"},{\"balloon_id\":16647,\"heleum_user\":3,\"launch_currency\":\"USD\",\"launch_amount\":\"5.24\",\"primed_timestamp\":\"2017-12-21 05:00:00\",\"total_fees_in_base_currency\":\"0.836176941282434656319030\",\"number_moves\":30,\"active\":false,\"user_balloon_id\":13,\"nullified\":false,\"busy\":false,\"last_busy_timestamp\":\"2018-12-18 15:49:48\"},{\"balloon_id\":15536,\"heleum_user\":3,\"launch_currency\":\"USD\",\"launch_amount\":\"5.23\",\"primed_timestamp\":\"2017-12-19 04:53:51\",\"total_fees_in_base_currency\":\"0.353304363406471886641460\",\"number_moves\":23,\"active\":false,\"user_balloon_id\":12,\"nullified\":false,\"busy\":false,\"last_busy_timestamp\":\"2018-12-28 19:22:24\"},{\"balloon_id\":12957,\"heleum_user\":3,\"launch_currency\":\"USD\",\"launch_amount\":\"8.92\",\"primed_timestamp\":\"2017-12-13 01:28:01\",\"total_fees_in_base_currency\":\"0.79904308237830\",\"number_moves\":6,\"active\":false,\"user_balloon_id\":11,\"nullified\":false,\"busy\":false,\"last_busy_timestamp\":null},{\"balloon_id\":7501,\"heleum_user\":3,\"launch_currency\":\"USD\",\"launch_amount\":\"6.15\",\"primed_timestamp\":\"2017-11-29 13:21:01\",\"total_fees_in_base_currency\":\"1.365640988185564532492500\",\"number_moves\":32,\"active\":false,\"user_balloon_id\":10,\"nullified\":false,\"busy\":false,\"last_busy_timestamp\":\"2018-12-18 09:17:03\"},{\"balloon_id\":6022,\"heleum_user\":3,\"launch_currency\":\"USD\",\"launch_amount\":\"5.66\",\"primed_timestamp\":\"2017-11-25 12:55:06\",\"total_fees_in_base_currency\":\"0.33249018369452437002160\",\"number_moves\":4,\"active\":false,\"user_balloon_id\":9,\"nullified\":false,\"busy\":false,\"last_busy_timestamp\":null},{\"balloon_id\":5609,\"heleum_user\":3,\"launch_currency\":\"USD\",\"launch_amount\":\"5.88\",\"primed_timestamp\":\"2017-11-23 10:32:45\",\"total_fees_in_base_currency\":\"1.250485104724782095428560\",\"number_moves\":13,\"active\":false,\"user_balloon_id\":8,\"nullified\":false,\"busy\":false,\"last_busy_timestamp\":null},{\"balloon_id\":4875,\"heleum_user\":3,\"launch_currency\":\"USD\",\"launch_amount\":\"5.49\",\"primed_timestamp\":\"2017-11-18 23:40:01\",\"total_fees_in_base_currency\":\"2.091892603340865011687439035\",\"number_moves\":39,\"active\":false,\"user_balloon_id\":7,\"nullified\":false,\"busy\":false,\"last_busy_timestamp\":\"2018-12-17 21:24:55\"},{\"balloon_id\":4576,\"heleum_user\":3,\"launch_currency\":\"USD\",\"launch_amount\":\"5.49\",\"primed_timestamp\":\"2017-11-16 23:33:39\",\"total_fees_in_base_currency\":\"0.166860\",\"number_moves\":2,\"active\":false,\"user_balloon_id\":6,\"nullified\":false,\"busy\":false,\"last_busy_timestamp\":null},{\"balloon_id\":4326,\"heleum_user\":3,\"launch_currency\":\"USD\",\"launch_amount\":\"5.40\",\"primed_timestamp\":\"2017-11-16 22:37:38\",\"total_fees_in_base_currency\":\"0.155600\",\"number_moves\":2,\"active\":false,\"user_balloon_id\":5,\"nullified\":false,\"busy\":false,\"last_busy_timestamp\":null},{\"balloon_id\":4119,\"heleum_user\":3,\"launch_currency\":\"USD\",\"launch_amount\":\"5.00\",\"primed_timestamp\":\"2017-11-14 15:30:02\",\"total_fees_in_base_currency\":\"0.2960930105997842703495658354\",\"number_moves\":4,\"active\":false,\"user_balloon_id\":4,\"nullified\":false,\"busy\":false,\"last_busy_timestamp\":null},{\"balloon_id\":3998,\"heleum_user\":3,\"launch_currency\":\"USD\",\"launch_amount\":\"5.00\",\"primed_timestamp\":\"2017-11-12 05:10:02\",\"total_fees_in_base_currency\":\"0.6894621973078588260312507884\",\"number_moves\":9,\"active\":false,\"user_balloon_id\":3,\"nullified\":false,\"busy\":false,\"last_busy_timestamp\":null},{\"balloon_id\":3872,\"heleum_user\":3,\"launch_currency\":\"USD\",\"launch_amount\":\"5.00\",\"primed_timestamp\":\"2017-11-10 05:10:00\",\"total_fees_in_base_currency\":\"0.3028998851877762020404165524\",\"number_moves\":4,\"active\":false,\"user_balloon_id\":2,\"nullified\":false,\"busy\":false,\"last_busy_timestamp\":null},{\"balloon_id\":3743,\"heleum_user\":3,\"launch_currency\":\"USD\",\"launch_amount\":\"5.00\",\"primed_timestamp\":\"2017-11-08 05:00:01\",\"total_fees_in_base_currency\":\"2.893228597915431033089824882\",\"number_moves\":52,\"active\":false,\"user_balloon_id\":1,\"nullified\":false,\"busy\":false,\"last_busy_timestamp\":\"2018-12-29 23:44:23\"}])"}} 
